Using pre-set license
Built from '2020.3/release' branch; Version is '2020.3.2f1 (8fd9074bf66c) revision 9427207'; Using compiler version '192528614'; Build Type 'Release'
OS: 'Windows 10 Home Single Language; OS build 22000.588; Version 2009; 64bit' Language: 'en' Physical Memory: 7985 MB
BatchMode: 1, IsHumanControllingUs: 0, StartBugReporterOnCrash: 0, Is64bit: 1, IsPro: 0

 COMMAND LINE ARGUMENTS:
D:\Unity hub\2020.3.2f1\Editor\Unity.exe
-adb2
-batchMode
-noUpm
-name
AssetImportWorker1
-projectPath
D:/New folder/Inverse Kinematics
-logFile
Logs/AssetImportWorker1.log
-srvPort
50614
Successfully changed project path to: D:/New folder/Inverse Kinematics
D:/New folder/Inverse Kinematics
Using Asset Import Pipeline V2.
Refreshing native plugins compatible for Editor in 61.11 ms, found 8 plugins.
Preloading 1 native plugins for Editor in 0.83 ms.
Initialize engine version: 2020.3.2f1 (8fd9074bf66c)
[Subsystems] Discovering subsystems at path D:/Unity hub/2020.3.2f1/Editor/Data/Resources/UnitySubsystems
[Subsystems] Discovering subsystems at path D:/New folder/Inverse Kinematics/Assets
GfxDevice: creating device client; threaded=0
Direct3D:
    Version:  Direct3D 11.0 [level 11.1]
    Renderer: NVIDIA GeForce GTX 1650 (ID=0x1f99)
    Vendor:   
    VRAM:     3962 MB
    Driver:   30.0.15.1169
Shader 'Universal Render Pipeline/Particles/Lit': fallback shader 'Universal Render Pipeline/Particles/SimpleLit' not found
Initialize mono
Mono path[0] = 'D:/Unity hub/2020.3.2f1/Editor/Data/Managed'
Mono path[1] = 'D:/Unity hub/2020.3.2f1/Editor/Data/MonoBleedingEdge/lib/mono/unityjit'
Mono config path = 'D:/Unity hub/2020.3.2f1/Editor/Data/MonoBleedingEdge/etc'
Using monoOptions --debugger-agent=transport=dt_socket,embedding=1,server=y,suspend=n,address=127.0.0.1:56464
Begin MonoManager ReloadAssembly
Registering precompiled unity dll's ...
Register platform support module: D:/Unity hub/2020.3.2f1/Editor/Data/PlaybackEngines/WebGLSupport/UnityEditor.WebGL.Extensions.dll
Register platform support module: D:/Unity hub/2020.3.2f1/Editor/Data/PlaybackEngines/WindowsStandaloneSupport/UnityEditor.WindowsStandalone.Extensions.dll
Registered in 0.001019 seconds.
Native extension for WindowsStandalone target not found
Native extension for WebGL target not found
Refreshing native plugins compatible for Editor in 56.02 ms, found 8 plugins.
Preloading 1 native plugins for Editor in 0.07 ms.
Invoked RoslynAnalysisRunner static constructor.
RoslynAnalysisRunner will not be running.
RoslynAnalysisRunner has terminated.
Mono: successfully reloaded assembly
- Completed reload, in  1.079 seconds
Platform modules already initialized, skipping
Registering precompiled user dll's ...
Registered in 0.004155 seconds.
Begin MonoManager ReloadAssembly
Native extension for WindowsStandalone target not found
Native extension for WebGL target not found
Refreshing native plugins compatible for Editor in 61.58 ms, found 8 plugins.
Preloading 1 native plugins for Editor in 0.07 ms.
Invoked RoslynAnalysisRunner static constructor.
RoslynAnalysisRunner will not be running.
RoslynAnalysisRunner has terminated.
[XR] OculusXRPlugin: registering subsystems
[XR] Unable to register display lifecyle provider: [1]
[XR] Oculus Input lifecycle provider registered.
[XR] Unable to register input lifecyle provider: [1]
NullReferenceException: Object reference not set to an instance of an object
  at Unity.XR.Oculus.OculusLoader.AssetPathToAbsolutePath (System.String assetPath) [0x00048] in D:\New folder\Inverse Kinematics\Library\PackageCache\com.unity.xr.oculus@1.8.1\Runtime\OculusLoader.cs:243 
  at Unity.XR.Oculus.OculusLoader.EditorLoadOVRPlugin () [0x0007b] in D:\New folder\Inverse Kinematics\Library\PackageCache\com.unity.xr.oculus@1.8.1\Runtime\OculusLoader.cs:228 

(Filename: Library/PackageCache/com.unity.xr.oculus@1.8.1/Runtime/OculusLoader.cs Line: 243)

Mono: successfully reloaded assembly
- Completed reload, in  6.243 seconds
Platform modules already initialized, skipping
========================================================================
Worker process is ready to serve import requests
Shader 'Universal Render Pipeline/Particles/Lit': fallback shader 'Universal Render Pipeline/Particles/SimpleLit' not found
Launched and connected shader compiler UnityShaderCompiler.exe after 0.03 seconds
Refreshing native plugins compatible for Editor in 0.83 ms, found 8 plugins.
Preloading 1 native plugins for Editor in 0.05 ms.
Unloading 3467 Unused Serialized files (Serialized files now loaded: 0)
System memory in use before: 156.6 MB.
System memory in use after: 156.7 MB.

Unloading 28 unused Assets to reduce memory usage. Loaded Objects now: 3904.
Total: 3.000100 ms (FindLiveObjects: 0.362500 ms CreateObjectMapping: 0.226100 ms MarkObjects: 2.347100 ms  DeleteObjects: 0.063000 ms)

========================================================================
Received Prepare
Shader 'Universal Render Pipeline/Particles/Lit': fallback shader 'Universal Render Pipeline/Particles/SimpleLit' not found
Refreshing native plugins compatible for Editor in 4.59 ms, found 8 plugins.
Preloading 1 native plugins for Editor in 0.04 ms.
Unloading 18 Unused Serialized files (Serialized files now loaded: 0)
System memory in use before: 82.9 MB.
System memory in use after: 83.1 MB.

Unloading 18 unused Assets to reduce memory usage. Loaded Objects now: 3904.
Total: 3.556900 ms (FindLiveObjects: 0.522100 ms CreateObjectMapping: 0.211600 ms MarkObjects: 2.786000 ms  DeleteObjects: 0.036400 ms)

========================================================================
Received Prepare
Registering precompiled user dll's ...
Registered in 0.004577 seconds.
Begin MonoManager ReloadAssembly
Native extension for WindowsStandalone target not found
Native extension for WebGL target not found
Refreshing native plugins compatible for Editor in 0.77 ms, found 8 plugins.
Preloading 1 native plugins for Editor in 0.06 ms.
Invoked RoslynAnalysisRunner static constructor.
RoslynAnalysisRunner will not be running.
RoslynAnalysisRunner has terminated.
NullReferenceException: Object reference not set to an instance of an object
  at Unity.XR.Oculus.OculusLoader.AssetPathToAbsolutePath (System.String assetPath) [0x00048] in D:\New folder\Inverse Kinematics\Library\PackageCache\com.unity.xr.oculus@1.8.1\Runtime\OculusLoader.cs:243 
  at Unity.XR.Oculus.OculusLoader.EditorLoadOVRPlugin () [0x0007b] in D:\New folder\Inverse Kinematics\Library\PackageCache\com.unity.xr.oculus@1.8.1\Runtime\OculusLoader.cs:228 

(Filename: Library/PackageCache/com.unity.xr.oculus@1.8.1/Runtime/OculusLoader.cs Line: 243)

Mono: successfully reloaded assembly
- Completed reload, in  1.215 seconds
Platform modules already initialized, skipping
Shader 'Universal Render Pipeline/Particles/Lit': fallback shader 'Universal Render Pipeline/Particles/SimpleLit' not found
Refreshing native plugins compatible for Editor in 0.79 ms, found 8 plugins.
Preloading 1 native plugins for Editor in 0.05 ms.
Unloading 3339 Unused Serialized files (Serialized files now loaded: 0)
System memory in use before: 158.0 MB.
System memory in use after: 158.3 MB.

Unloading 21 unused Assets to reduce memory usage. Loaded Objects now: 3907.
Total: 3.021400 ms (FindLiveObjects: 0.357400 ms CreateObjectMapping: 0.209000 ms MarkObjects: 2.432600 ms  DeleteObjects: 0.021300 ms)

========================================================================
Received Prepare
Registering precompiled user dll's ...
Registered in 0.004589 seconds.
Begin MonoManager ReloadAssembly
Native extension for WindowsStandalone target not found
Native extension for WebGL target not found
Refreshing native plugins compatible for Editor in 0.81 ms, found 8 plugins.
Preloading 1 native plugins for Editor in 0.07 ms.
Invoked RoslynAnalysisRunner static constructor.
RoslynAnalysisRunner will not be running.
RoslynAnalysisRunner has terminated.
NullReferenceException: Object reference not set to an instance of an object
  at Unity.XR.Oculus.OculusLoader.AssetPathToAbsolutePath (System.String assetPath) [0x00048] in D:\New folder\Inverse Kinematics\Library\PackageCache\com.unity.xr.oculus@1.8.1\Runtime\OculusLoader.cs:243 
  at Unity.XR.Oculus.OculusLoader.EditorLoadOVRPlugin () [0x0007b] in D:\New folder\Inverse Kinematics\Library\PackageCache\com.unity.xr.oculus@1.8.1\Runtime\OculusLoader.cs:228 

(Filename: Library/PackageCache/com.unity.xr.oculus@1.8.1/Runtime/OculusLoader.cs Line: 243)

Mono: successfully reloaded assembly
- Completed reload, in  1.206 seconds
Platform modules already initialized, skipping
Shader 'Universal Render Pipeline/Particles/Lit': fallback shader 'Universal Render Pipeline/Particles/SimpleLit' not found
Refreshing native plugins compatible for Editor in 1.43 ms, found 8 plugins.
Preloading 1 native plugins for Editor in 0.07 ms.
Unloading 3339 Unused Serialized files (Serialized files now loaded: 0)
System memory in use before: 158.1 MB.
System memory in use after: 158.3 MB.

Unloading 21 unused Assets to reduce memory usage. Loaded Objects now: 3910.
Total: 4.446900 ms (FindLiveObjects: 0.418200 ms CreateObjectMapping: 0.309200 ms MarkObjects: 3.685300 ms  DeleteObjects: 0.032400 ms)

========================================================================
Received Prepare
Registering precompiled user dll's ...
Registered in 0.004039 seconds.
Begin MonoManager ReloadAssembly
Native extension for WindowsStandalone target not found
Native extension for WebGL target not found
Refreshing native plugins compatible for Editor in 0.84 ms, found 8 plugins.
Preloading 1 native plugins for Editor in 0.06 ms.
Invoked RoslynAnalysisRunner static constructor.
RoslynAnalysisRunner will not be running.
RoslynAnalysisRunner has terminated.
NullReferenceException: Object reference not set to an instance of an object
  at Unity.XR.Oculus.OculusLoader.AssetPathToAbsolutePath (System.String assetPath) [0x00048] in D:\New folder\Inverse Kinematics\Library\PackageCache\com.unity.xr.oculus@1.8.1\Runtime\OculusLoader.cs:243 
  at Unity.XR.Oculus.OculusLoader.EditorLoadOVRPlugin () [0x0007b] in D:\New folder\Inverse Kinematics\Library\PackageCache\com.unity.xr.oculus@1.8.1\Runtime\OculusLoader.cs:228 

(Filename: Library/PackageCache/com.unity.xr.oculus@1.8.1/Runtime/OculusLoader.cs Line: 243)

Mono: successfully reloaded assembly
- Completed reload, in  1.100 seconds
Platform modules already initialized, skipping
Shader 'Universal Render Pipeline/Particles/Lit': fallback shader 'Universal Render Pipeline/Particles/SimpleLit' not found
Refreshing native plugins compatible for Editor in 0.75 ms, found 8 plugins.
Preloading 1 native plugins for Editor in 0.06 ms.
Unloading 3340 Unused Serialized files (Serialized files now loaded: 0)
System memory in use before: 158.2 MB.
System memory in use after: 158.4 MB.

Unloading 21 unused Assets to reduce memory usage. Loaded Objects now: 3914.
Total: 3.600700 ms (FindLiveObjects: 0.419100 ms CreateObjectMapping: 0.210200 ms MarkObjects: 2.946300 ms  DeleteObjects: 0.023100 ms)

========================================================================
Received Import Request.
  path: Assets/Settings/gun_final.prefab
  artifactKey: Guid(c65999eb6267f0946bb255ab5f9357ba) Importer(815301076,1909f56bfc062723c751e8b465ee728b)
Start importing Assets/Settings/gun_final.prefab using Guid(c65999eb6267f0946bb255ab5f9357ba) Importer(815301076,1909f56bfc062723c751e8b465ee728b)  -> (artifact id: 'c5befbf7697e408d194a8a8c96e65baa') in 0.490101 seconds
  Import took 0.613868 seconds .

========================================================================
Received Prepare
Registering precompiled user dll's ...
Registered in 0.004162 seconds.
Begin MonoManager ReloadAssembly
Native extension for WindowsStandalone target not found
Native extension for WebGL target not found
Refreshing native plugins compatible for Editor in 1.10 ms, found 8 plugins.
Preloading 1 native plugins for Editor in 0.07 ms.
Invoked RoslynAnalysisRunner static constructor.
RoslynAnalysisRunner will not be running.
RoslynAnalysisRunner has terminated.
NullReferenceException: Object reference not set to an instance of an object
  at Unity.XR.Oculus.OculusLoader.AssetPathToAbsolutePath (System.String assetPath) [0x00048] in D:\New folder\Inverse Kinematics\Library\PackageCache\com.unity.xr.oculus@1.8.1\Runtime\OculusLoader.cs:243 
  at Unity.XR.Oculus.OculusLoader.EditorLoadOVRPlugin () [0x0007b] in D:\New folder\Inverse Kinematics\Library\PackageCache\com.unity.xr.oculus@1.8.1\Runtime\OculusLoader.cs:228 

(Filename: Library/PackageCache/com.unity.xr.oculus@1.8.1/Runtime/OculusLoader.cs Line: 243)

Mono: successfully reloaded assembly
- Completed reload, in  1.175 seconds
Platform modules already initialized, skipping
Shader 'Universal Render Pipeline/Particles/Lit': fallback shader 'Universal Render Pipeline/Particles/SimpleLit' not found
Refreshing native plugins compatible for Editor in 0.78 ms, found 8 plugins.
Preloading 1 native plugins for Editor in 0.05 ms.
Unloading 3340 Unused Serialized files (Serialized files now loaded: 0)
System memory in use before: 160.6 MB.
System memory in use after: 160.8 MB.

Unloading 21 unused Assets to reduce memory usage. Loaded Objects now: 3961.
Total: 3.152700 ms (FindLiveObjects: 0.417000 ms CreateObjectMapping: 0.205900 ms MarkObjects: 2.502600 ms  DeleteObjects: 0.025900 ms)

========================================================================
Received Prepare
Registering precompiled user dll's ...
Registered in 0.346278 seconds.
Begin MonoManager ReloadAssembly
Native extension for WindowsStandalone target not found
Native extension for WebGL target not found
Refreshing native plugins compatible for Editor in 0.85 ms, found 8 plugins.
Preloading 1 native plugins for Editor in 0.06 ms.
Invoked RoslynAnalysisRunner static constructor.
RoslynAnalysisRunner will not be running.
RoslynAnalysisRunner has terminated.
NullReferenceException: Object reference not set to an instance of an object
  at Unity.XR.Oculus.OculusLoader.AssetPathToAbsolutePath (System.String assetPath) [0x00048] in D:\New folder\Inverse Kinematics\Library\PackageCache\com.unity.xr.oculus@1.8.1\Runtime\OculusLoader.cs:243 
  at Unity.XR.Oculus.OculusLoader.EditorLoadOVRPlugin () [0x0007b] in D:\New folder\Inverse Kinematics\Library\PackageCache\com.unity.xr.oculus@1.8.1\Runtime\OculusLoader.cs:228 

(Filename: Library/PackageCache/com.unity.xr.oculus@1.8.1/Runtime/OculusLoader.cs Line: 243)

Mono: successfully reloaded assembly
- Completed reload, in  2.466 seconds
Platform modules already initialized, skipping
Shader 'Universal Render Pipeline/Particles/Lit': fallback shader 'Universal Render Pipeline/Particles/SimpleLit' not found
Refreshing native plugins compatible for Editor in 1.24 ms, found 8 plugins.
Preloading 1 native plugins for Editor in 0.07 ms.
Unloading 3340 Unused Serialized files (Serialized files now loaded: 0)
System memory in use before: 160.6 MB.
System memory in use after: 160.8 MB.

Unloading 21 unused Assets to reduce memory usage. Loaded Objects now: 3964.
Total: 12.806200 ms (FindLiveObjects: 1.003500 ms CreateObjectMapping: 0.457800 ms MarkObjects: 11.166800 ms  DeleteObjects: 0.175600 ms)

========================================================================
Received Prepare
Registering precompiled user dll's ...
Registered in 0.492505 seconds.
Begin MonoManager ReloadAssembly
Native extension for WindowsStandalone target not found
Native extension for WebGL target not found
Refreshing native plugins compatible for Editor in 0.86 ms, found 8 plugins.
Preloading 1 native plugins for Editor in 0.06 ms.
Invoked RoslynAnalysisRunner static constructor.
RoslynAnalysisRunner will not be running.
RoslynAnalysisRunner has terminated.
NullReferenceException: Object reference not set to an instance of an object
  at Unity.XR.Oculus.OculusLoader.AssetPathToAbsolutePath (System.String assetPath) [0x00048] in D:\New folder\Inverse Kinematics\Library\PackageCache\com.unity.xr.oculus@1.8.1\Runtime\OculusLoader.cs:243 
  at Unity.XR.Oculus.OculusLoader.EditorLoadOVRPlugin () [0x0007b] in D:\New folder\Inverse Kinematics\Library\PackageCache\com.unity.xr.oculus@1.8.1\Runtime\OculusLoader.cs:228 

(Filename: Library/PackageCache/com.unity.xr.oculus@1.8.1/Runtime/OculusLoader.cs Line: 243)

Mono: successfully reloaded assembly
- Completed reload, in  1.175 seconds
Platform modules already initialized, skipping
Shader 'Universal Render Pipeline/Particles/Lit': fallback shader 'Universal Render Pipeline/Particles/SimpleLit' not found
Refreshing native plugins compatible for Editor in 0.83 ms, found 8 plugins.
Preloading 1 native plugins for Editor in 0.06 ms.
Unloading 3341 Unused Serialized files (Serialized files now loaded: 0)
System memory in use before: 160.6 MB.
System memory in use after: 160.9 MB.

Unloading 21 unused Assets to reduce memory usage. Loaded Objects now: 3968.
Total: 3.588400 ms (FindLiveObjects: 0.587000 ms CreateObjectMapping: 0.282000 ms MarkObjects: 2.691700 ms  DeleteObjects: 0.026400 ms)

========================================================================
Received Import Request.
  Time since last request: 984.283836 seconds.
  path: Assets/Prefabs
  artifactKey: Guid(c453cb9d1c2ac694aaaa894ac00484e5) Importer(815301076,1909f56bfc062723c751e8b465ee728b)
Start importing Assets/Prefabs using Guid(c453cb9d1c2ac694aaaa894ac00484e5) Importer(815301076,1909f56bfc062723c751e8b465ee728b)  -> (artifact id: '293d673569eddcad5102ddbb562429e1') in 0.009350 seconds
  Import took 0.056271 seconds .

========================================================================
Received Import Request.
  Time since last request: 0.266583 seconds.
  path: Assets/Right Belt.prefab
  artifactKey: Guid(7e49eeb722f559e48bd6db9f67b63a65) Importer(815301076,1909f56bfc062723c751e8b465ee728b)
Start importing Assets/Right Belt.prefab using Guid(7e49eeb722f559e48bd6db9f67b63a65) Importer(815301076,1909f56bfc062723c751e8b465ee728b)  -> (artifact id: '702d475e418d43d69839068bd257d8c9') in 0.148323 seconds
  Import took 0.212055 seconds .

========================================================================
Received Import Request.
  Time since last request: 0.000158 seconds.
  path: Assets/Samples/XR Interaction Toolkit/2.0.0-pre.6/Default Input Actions/XRI Default Input Actions.inputactions
  artifactKey: Guid(c348712bda248c246b8c49b3db54643f) Importer(815301076,1909f56bfc062723c751e8b465ee728b)
Start importing Assets/Samples/XR Interaction Toolkit/2.0.0-pre.6/Default Input Actions/XRI Default Input Actions.inputactions using Guid(c348712bda248c246b8c49b3db54643f) Importer(815301076,1909f56bfc062723c751e8b465ee728b)  -> (artifact id: 'e2b248a1afcc8aac03ca504234ad6b1b') in 0.053737 seconds
  Import took 0.108147 seconds .

========================================================================
Received Import Request.
  Time since last request: 0.000270 seconds.
  path: Assets/Samples/XR Interaction Toolkit/2.0.0-pre.6/Default Input Actions/XRI Default Right Controller.preset
  artifactKey: Guid(1421ad86ff3787b4dae70fe9e699a25f) Importer(815301076,1909f56bfc062723c751e8b465ee728b)
Start importing Assets/Samples/XR Interaction Toolkit/2.0.0-pre.6/Default Input Actions/XRI Default Right Controller.preset using Guid(1421ad86ff3787b4dae70fe9e699a25f) Importer(815301076,1909f56bfc062723c751e8b465ee728b)  -> (artifact id: 'ab6b02198cc731ef656fa8380e23ed33') in 0.048775 seconds
  Import took 0.117985 seconds .

========================================================================
Received Import Request.
  Time since last request: 151.651916 seconds.
  path: ProjectSettings/TagManager.asset
  artifactKey: Guid(00000000000000003000000000000000) Importer(815301076,1909f56bfc062723c751e8b465ee728b)
Start importing ProjectSettings/TagManager.asset using Guid(00000000000000003000000000000000) Importer(815301076,1909f56bfc062723c751e8b465ee728b)  -> (artifact id: 'f248333b95e4fca6d8fd60cd04b8d8e2') in 0.012709 seconds
  Import took 0.087219 seconds .

========================================================================
Received Prepare
Registering precompiled user dll's ...
Registered in 0.288664 seconds.
Begin MonoManager ReloadAssembly
Native extension for WindowsStandalone target not found
Native extension for WebGL target not found
Refreshing native plugins compatible for Editor in 1.77 ms, found 8 plugins.
Preloading 1 native plugins for Editor in 0.11 ms.
Invoked RoslynAnalysisRunner static constructor.
RoslynAnalysisRunner will not be running.
RoslynAnalysisRunner has terminated.
NullReferenceException: Object reference not set to an instance of an object
  at Unity.XR.Oculus.OculusLoader.AssetPathToAbsolutePath (System.String assetPath) [0x00048] in D:\New folder\Inverse Kinematics\Library\PackageCache\com.unity.xr.oculus@1.8.1\Runtime\OculusLoader.cs:243 
  at Unity.XR.Oculus.OculusLoader.EditorLoadOVRPlugin () [0x0007b] in D:\New folder\Inverse Kinematics\Library\PackageCache\com.unity.xr.oculus@1.8.1\Runtime\OculusLoader.cs:228 

(Filename: Library/PackageCache/com.unity.xr.oculus@1.8.1/Runtime/OculusLoader.cs Line: 243)

Mono: successfully reloaded assembly
- Completed reload, in  1.712 seconds
Platform modules already initialized, skipping
Shader 'Universal Render Pipeline/Particles/Lit': fallback shader 'Universal Render Pipeline/Particles/SimpleLit' not found
Refreshing native plugins compatible for Editor in 1.25 ms, found 8 plugins.
Preloading 1 native plugins for Editor in 0.09 ms.
Unloading 3341 Unused Serialized files (Serialized files now loaded: 0)
System memory in use before: 160.8 MB.
System memory in use after: 161.0 MB.

Unloading 22 unused Assets to reduce memory usage. Loaded Objects now: 4008.
Total: 5.851700 ms (FindLiveObjects: 0.615100 ms CreateObjectMapping: 0.303600 ms MarkObjects: 4.892800 ms  DeleteObjects: 0.038500 ms)

========================================================================
Received Prepare
Registering precompiled user dll's ...
Registered in 0.004425 seconds.
Begin MonoManager ReloadAssembly
Native extension for WindowsStandalone target not found
Native extension for WebGL target not found
Refreshing native plugins compatible for Editor in 0.79 ms, found 8 plugins.
Preloading 1 native plugins for Editor in 0.07 ms.
Invoked RoslynAnalysisRunner static constructor.
RoslynAnalysisRunner will not be running.
RoslynAnalysisRunner has terminated.
NullReferenceException: Object reference not set to an instance of an object
  at Unity.XR.Oculus.OculusLoader.AssetPathToAbsolutePath (System.String assetPath) [0x00048] in D:\New folder\Inverse Kinematics\Library\PackageCache\com.unity.xr.oculus@1.8.1\Runtime\OculusLoader.cs:243 
  at Unity.XR.Oculus.OculusLoader.EditorLoadOVRPlugin () [0x0007b] in D:\New folder\Inverse Kinematics\Library\PackageCache\com.unity.xr.oculus@1.8.1\Runtime\OculusLoader.cs:228 

(Filename: Library/PackageCache/com.unity.xr.oculus@1.8.1/Runtime/OculusLoader.cs Line: 243)

Mono: successfully reloaded assembly
- Completed reload, in  1.107 seconds
Platform modules already initialized, skipping
Shader 'Universal Render Pipeline/Particles/Lit': fallback shader 'Universal Render Pipeline/Particles/SimpleLit' not found
Refreshing native plugins compatible for Editor in 0.79 ms, found 8 plugins.
Preloading 1 native plugins for Editor in 0.05 ms.
Unloading 3341 Unused Serialized files (Serialized files now loaded: 0)
System memory in use before: 160.8 MB.
System memory in use after: 161.0 MB.

Unloading 21 unused Assets to reduce memory usage. Loaded Objects now: 4011.
Total: 4.195200 ms (FindLiveObjects: 0.640100 ms CreateObjectMapping: 0.259700 ms MarkObjects: 3.265700 ms  DeleteObjects: 0.028400 ms)

========================================================================
Received Import Request.
  Time since last request: 649.674062 seconds.
  path: Assets/Materials
  artifactKey: Guid(d0234ba368eeec9418390da711bfdad0) Importer(815301076,1909f56bfc062723c751e8b465ee728b)
Start importing Assets/Materials using Guid(d0234ba368eeec9418390da711bfdad0) Importer(815301076,1909f56bfc062723c751e8b465ee728b)  -> (artifact id: 'cf5a6696a581935533fe886b4fdbe084') in 0.012755 seconds
  Import took 0.228113 seconds .

========================================================================
Received Prepare
Registering precompiled user dll's ...
Registered in 0.791354 seconds.
Begin MonoManager ReloadAssembly
Native extension for WindowsStandalone target not found
Native extension for WebGL target not found
Refreshing native plugins compatible for Editor in 0.82 ms, found 8 plugins.
Preloading 1 native plugins for Editor in 0.07 ms.
Invoked RoslynAnalysisRunner static constructor.
RoslynAnalysisRunner will not be running.
RoslynAnalysisRunner has terminated.
NullReferenceException: Object reference not set to an instance of an object
  at Unity.XR.Oculus.OculusLoader.AssetPathToAbsolutePath (System.String assetPath) [0x00048] in D:\New folder\Inverse Kinematics\Library\PackageCache\com.unity.xr.oculus@1.8.1\Runtime\OculusLoader.cs:243 
  at Unity.XR.Oculus.OculusLoader.EditorLoadOVRPlugin () [0x0007b] in D:\New folder\Inverse Kinematics\Library\PackageCache\com.unity.xr.oculus@1.8.1\Runtime\OculusLoader.cs:228 

(Filename: Library/PackageCache/com.unity.xr.oculus@1.8.1/Runtime/OculusLoader.cs Line: 243)

Mono: successfully reloaded assembly
- Completed reload, in  1.363 seconds
Platform modules already initialized, skipping
Shader 'Universal Render Pipeline/Particles/Lit': fallback shader 'Universal Render Pipeline/Particles/SimpleLit' not found
Refreshing native plugins compatible for Editor in 0.85 ms, found 8 plugins.
Preloading 1 native plugins for Editor in 0.06 ms.
Unloading 3341 Unused Serialized files (Serialized files now loaded: 0)
System memory in use before: 160.8 MB.
System memory in use after: 161.1 MB.

Unloading 21 unused Assets to reduce memory usage. Loaded Objects now: 4014.
Total: 3.987700 ms (FindLiveObjects: 0.524800 ms CreateObjectMapping: 0.344900 ms MarkObjects: 3.093600 ms  DeleteObjects: 0.023300 ms)

========================================================================
Received Prepare
Registering precompiled user dll's ...
Registered in 0.359020 seconds.
Begin MonoManager ReloadAssembly
Native extension for WindowsStandalone target not found
Native extension for WebGL target not found
Refreshing native plugins compatible for Editor in 0.81 ms, found 8 plugins.
Preloading 1 native plugins for Editor in 0.05 ms.
Invoked RoslynAnalysisRunner static constructor.
RoslynAnalysisRunner will not be running.
RoslynAnalysisRunner has terminated.
NullReferenceException: Object reference not set to an instance of an object
  at Unity.XR.Oculus.OculusLoader.AssetPathToAbsolutePath (System.String assetPath) [0x00048] in D:\New folder\Inverse Kinematics\Library\PackageCache\com.unity.xr.oculus@1.8.1\Runtime\OculusLoader.cs:243 
  at Unity.XR.Oculus.OculusLoader.EditorLoadOVRPlugin () [0x0007b] in D:\New folder\Inverse Kinematics\Library\PackageCache\com.unity.xr.oculus@1.8.1\Runtime\OculusLoader.cs:228 

(Filename: Library/PackageCache/com.unity.xr.oculus@1.8.1/Runtime/OculusLoader.cs Line: 243)

Mono: successfully reloaded assembly
- Completed reload, in  1.206 seconds
Platform modules already initialized, skipping
Shader 'Universal Render Pipeline/Particles/Lit': fallback shader 'Universal Render Pipeline/Particles/SimpleLit' not found
Refreshing native plugins compatible for Editor in 0.83 ms, found 8 plugins.
Preloading 1 native plugins for Editor in 0.05 ms.
Unloading 3341 Unused Serialized files (Serialized files now loaded: 0)
System memory in use before: 160.8 MB.
System memory in use after: 161.1 MB.

Unloading 21 unused Assets to reduce memory usage. Loaded Objects now: 4017.
Total: 3.456300 ms (FindLiveObjects: 0.427200 ms CreateObjectMapping: 0.216400 ms MarkObjects: 2.784600 ms  DeleteObjects: 0.026800 ms)

========================================================================
Received Prepare
Registering precompiled user dll's ...
Registered in 0.187463 seconds.
Begin MonoManager ReloadAssembly
Native extension for WindowsStandalone target not found
Native extension for WebGL target not found
Refreshing native plugins compatible for Editor in 0.87 ms, found 8 plugins.
Preloading 1 native plugins for Editor in 0.06 ms.
Invoked RoslynAnalysisRunner static constructor.
RoslynAnalysisRunner will not be running.
RoslynAnalysisRunner has terminated.
NullReferenceException: Object reference not set to an instance of an object
  at Unity.XR.Oculus.OculusLoader.AssetPathToAbsolutePath (System.String assetPath) [0x00048] in D:\New folder\Inverse Kinematics\Library\PackageCache\com.unity.xr.oculus@1.8.1\Runtime\OculusLoader.cs:243 
  at Unity.XR.Oculus.OculusLoader.EditorLoadOVRPlugin () [0x0007b] in D:\New folder\Inverse Kinematics\Library\PackageCache\com.unity.xr.oculus@1.8.1\Runtime\OculusLoader.cs:228 

(Filename: Library/PackageCache/com.unity.xr.oculus@1.8.1/Runtime/OculusLoader.cs Line: 243)

Mono: successfully reloaded assembly
- Completed reload, in  1.148 seconds
Platform modules already initialized, skipping
Shader 'Universal Render Pipeline/Particles/Lit': fallback shader 'Universal Render Pipeline/Particles/SimpleLit' not found
Refreshing native plugins compatible for Editor in 1.71 ms, found 8 plugins.
Preloading 1 native plugins for Editor in 0.08 ms.
Unloading 3341 Unused Serialized files (Serialized files now loaded: 0)
System memory in use before: 160.8 MB.
System memory in use after: 161.1 MB.

Unloading 21 unused Assets to reduce memory usage. Loaded Objects now: 4020.
Total: 5.302400 ms (FindLiveObjects: 0.590500 ms CreateObjectMapping: 0.324000 ms MarkObjects: 4.354700 ms  DeleteObjects: 0.031700 ms)

========================================================================
Received Import Request.
  Time since last request: 3326.696003 seconds.
  path: Assets/Scripts/Pistol.cs
  artifactKey: Guid(53bd4c0cab3cd36489e742c6c221ff38) Importer(815301076,1909f56bfc062723c751e8b465ee728b)
Start importing Assets/Scripts/Pistol.cs using Guid(53bd4c0cab3cd36489e742c6c221ff38) Importer(815301076,1909f56bfc062723c751e8b465ee728b)  -> (artifact id: '864098718c40ceb0d19539d6fa4bce6e') in 0.035011 seconds
  Import took 0.062088 seconds .

========================================================================
Received Import Request.
  Time since last request: 90.132397 seconds.
  path: Assets/Prefabs/Bullet.prefab
  artifactKey: Guid(2c7093878cf24394ead21e525477d1f9) Importer(815301076,1909f56bfc062723c751e8b465ee728b)
Start importing Assets/Prefabs/Bullet.prefab using Guid(2c7093878cf24394ead21e525477d1f9) Importer(815301076,1909f56bfc062723c751e8b465ee728b)  -> (artifact id: '009d79ccb3d7bd413bc177817cb8789f') in 0.203310 seconds
  Import took 0.277879 seconds .

========================================================================
Received Prepare
Registering precompiled user dll's ...
Registered in 0.007350 seconds.
Begin MonoManager ReloadAssembly
Native extension for WindowsStandalone target not found
Native extension for WebGL target not found
Refreshing native plugins compatible for Editor in 2.92 ms, found 8 plugins.
Preloading 1 native plugins for Editor in 0.10 ms.
Invoked RoslynAnalysisRunner static constructor.
RoslynAnalysisRunner will not be running.
RoslynAnalysisRunner has terminated.
NullReferenceException: Object reference not set to an instance of an object
  at Unity.XR.Oculus.OculusLoader.AssetPathToAbsolutePath (System.String assetPath) [0x00048] in D:\New folder\Inverse Kinematics\Library\PackageCache\com.unity.xr.oculus@1.8.1\Runtime\OculusLoader.cs:243 
  at Unity.XR.Oculus.OculusLoader.EditorLoadOVRPlugin () [0x0007b] in D:\New folder\Inverse Kinematics\Library\PackageCache\com.unity.xr.oculus@1.8.1\Runtime\OculusLoader.cs:228 

(Filename: Library/PackageCache/com.unity.xr.oculus@1.8.1/Runtime/OculusLoader.cs Line: 243)

Mono: successfully reloaded assembly
- Completed reload, in  7.929 seconds
Platform modules already initialized, skipping
Shader 'Universal Render Pipeline/Particles/Lit': fallback shader 'Universal Render Pipeline/Particles/SimpleLit' not found
Refreshing native plugins compatible for Editor in 1.22 ms, found 8 plugins.
Preloading 1 native plugins for Editor in 0.07 ms.
Unloading 3341 Unused Serialized files (Serialized files now loaded: 0)
System memory in use before: 161.0 MB.
System memory in use after: 161.2 MB.

Unloading 21 unused Assets to reduce memory usage. Loaded Objects now: 4059.
Total: 5.299600 ms (FindLiveObjects: 0.491900 ms CreateObjectMapping: 0.395700 ms MarkObjects: 4.380600 ms  DeleteObjects: 0.029700 ms)

========================================================================
Received Prepare
Registering precompiled user dll's ...
Registered in 0.256343 seconds.
Begin MonoManager ReloadAssembly
Native extension for WindowsStandalone target not found
Native extension for WebGL target not found
Refreshing native plugins compatible for Editor in 1.41 ms, found 8 plugins.
Preloading 1 native plugins for Editor in 0.09 ms.
Invoked RoslynAnalysisRunner static constructor.
RoslynAnalysisRunner will not be running.
RoslynAnalysisRunner has terminated.
NullReferenceException: Object reference not set to an instance of an object
  at Unity.XR.Oculus.OculusLoader.AssetPathToAbsolutePath (System.String assetPath) [0x00048] in D:\New folder\Inverse Kinematics\Library\PackageCache\com.unity.xr.oculus@1.8.1\Runtime\OculusLoader.cs:243 
  at Unity.XR.Oculus.OculusLoader.EditorLoadOVRPlugin () [0x0007b] in D:\New folder\Inverse Kinematics\Library\PackageCache\com.unity.xr.oculus@1.8.1\Runtime\OculusLoader.cs:228 

(Filename: Library/PackageCache/com.unity.xr.oculus@1.8.1/Runtime/OculusLoader.cs Line: 243)

Mono: successfully reloaded assembly
- Completed reload, in  1.743 seconds
Platform modules already initialized, skipping
Shader 'Universal Render Pipeline/Particles/Lit': fallback shader 'Universal Render Pipeline/Particles/SimpleLit' not found
Refreshing native plugins compatible for Editor in 0.79 ms, found 8 plugins.
Preloading 1 native plugins for Editor in 0.05 ms.
Unloading 3341 Unused Serialized files (Serialized files now loaded: 0)
System memory in use before: 161.0 MB.
System memory in use after: 161.2 MB.

Unloading 21 unused Assets to reduce memory usage. Loaded Objects now: 4062.
Total: 3.547500 ms (FindLiveObjects: 0.436200 ms CreateObjectMapping: 0.261700 ms MarkObjects: 2.819100 ms  DeleteObjects: 0.029000 ms)

========================================================================
Received Import Request.
  Time since last request: 194.003839 seconds.
  path: Assets/Prefabs/Bullet.prefab
  artifactKey: Guid(2c7093878cf24394ead21e525477d1f9) Importer(815301076,1909f56bfc062723c751e8b465ee728b)
Start importing Assets/Prefabs/Bullet.prefab using Guid(2c7093878cf24394ead21e525477d1f9) Importer(815301076,1909f56bfc062723c751e8b465ee728b)  -> (artifact id: 'f89667c7d73140101a735b333fcdebed') in 0.172220 seconds
  Import took 0.206965 seconds .

========================================================================
Received Import Request.
  Time since last request: 13.908682 seconds.
  path: Assets/Prefabs/Bullet.prefab
  artifactKey: Guid(2c7093878cf24394ead21e525477d1f9) Importer(815301076,1909f56bfc062723c751e8b465ee728b)
Start importing Assets/Prefabs/Bullet.prefab using Guid(2c7093878cf24394ead21e525477d1f9) Importer(815301076,1909f56bfc062723c751e8b465ee728b)  -> (artifact id: '0e0583cc059d5cd7282f640634d04251') in 0.034235 seconds
  Import took 0.102655 seconds .

========================================================================
Received Import Request.
  Time since last request: 0.651365 seconds.
  path: Assets/Prefabs/Bullet.prefab
  artifactKey: Guid(2c7093878cf24394ead21e525477d1f9) Importer(815301076,1909f56bfc062723c751e8b465ee728b)
Start importing Assets/Prefabs/Bullet.prefab using Guid(2c7093878cf24394ead21e525477d1f9) Importer(815301076,1909f56bfc062723c751e8b465ee728b)  -> (artifact id: '42c44ff0903148c351d04a3d8477a2ce') in 0.025126 seconds
  Import took 0.072581 seconds .

========================================================================
Received Import Request.
  Time since last request: 3.201997 seconds.
  path: Assets/Prefabs/Bullet.prefab
  artifactKey: Guid(2c7093878cf24394ead21e525477d1f9) Importer(815301076,1909f56bfc062723c751e8b465ee728b)
Start importing Assets/Prefabs/Bullet.prefab using Guid(2c7093878cf24394ead21e525477d1f9) Importer(815301076,1909f56bfc062723c751e8b465ee728b)  -> (artifact id: '7176cdb88add778865550cd13c510c9f') in 0.035544 seconds
  Import took 0.059519 seconds .

========================================================================
Received Prepare
Registering precompiled user dll's ...
Registered in 0.004140 seconds.
Begin MonoManager ReloadAssembly
Native extension for WindowsStandalone target not found
Native extension for WebGL target not found
Refreshing native plugins compatible for Editor in 0.80 ms, found 8 plugins.
Preloading 1 native plugins for Editor in 0.06 ms.
Invoked RoslynAnalysisRunner static constructor.
RoslynAnalysisRunner will not be running.
RoslynAnalysisRunner has terminated.
NullReferenceException: Object reference not set to an instance of an object
  at Unity.XR.Oculus.OculusLoader.AssetPathToAbsolutePath (System.String assetPath) [0x00048] in D:\New folder\Inverse Kinematics\Library\PackageCache\com.unity.xr.oculus@1.8.1\Runtime\OculusLoader.cs:243 
  at Unity.XR.Oculus.OculusLoader.EditorLoadOVRPlugin () [0x0007b] in D:\New folder\Inverse Kinematics\Library\PackageCache\com.unity.xr.oculus@1.8.1\Runtime\OculusLoader.cs:228 

(Filename: Library/PackageCache/com.unity.xr.oculus@1.8.1/Runtime/OculusLoader.cs Line: 243)

Mono: successfully reloaded assembly
- Completed reload, in  1.175 seconds
Platform modules already initialized, skipping
Shader 'Universal Render Pipeline/Particles/Lit': fallback shader 'Universal Render Pipeline/Particles/SimpleLit' not found
Refreshing native plugins compatible for Editor in 0.90 ms, found 8 plugins.
Preloading 1 native plugins for Editor in 0.06 ms.
Unloading 3341 Unused Serialized files (Serialized files now loaded: 0)
System memory in use before: 161.1 MB.
System memory in use after: 161.4 MB.

Unloading 21 unused Assets to reduce memory usage. Loaded Objects now: 4101.
Total: 3.975700 ms (FindLiveObjects: 0.489600 ms CreateObjectMapping: 0.300200 ms MarkObjects: 3.156100 ms  DeleteObjects: 0.028500 ms)

========================================================================
Received Import Request.
  Time since last request: 79.757295 seconds.
  path: Assets/Prefabs/Bullet.prefab
  artifactKey: Guid(2c7093878cf24394ead21e525477d1f9) Importer(815301076,1909f56bfc062723c751e8b465ee728b)
Start importing Assets/Prefabs/Bullet.prefab using Guid(2c7093878cf24394ead21e525477d1f9) Importer(815301076,1909f56bfc062723c751e8b465ee728b)  -> (artifact id: '096c989ccf9ca7edb7a7a8199a2005a6') in 0.158907 seconds
  Import took 0.197065 seconds .

========================================================================
Received Import Request.
  Time since last request: 4.489602 seconds.
  path: Assets/Prefabs/Bullet.prefab
  artifactKey: Guid(2c7093878cf24394ead21e525477d1f9) Importer(815301076,1909f56bfc062723c751e8b465ee728b)
Start importing Assets/Prefabs/Bullet.prefab using Guid(2c7093878cf24394ead21e525477d1f9) Importer(815301076,1909f56bfc062723c751e8b465ee728b)  -> (artifact id: '271272b0bb058bbd2677b818bff9097a') in 0.008344 seconds
  Import took 0.014535 seconds .

========================================================================
Received Import Request.
  Time since last request: 0.001858 seconds.
  path: Assets/Prefabs/Bullet.prefab
  artifactKey: Guid(2c7093878cf24394ead21e525477d1f9) Importer(815301076,1909f56bfc062723c751e8b465ee728b)
Start importing Assets/Prefabs/Bullet.prefab using Guid(2c7093878cf24394ead21e525477d1f9) Importer(815301076,1909f56bfc062723c751e8b465ee728b)  -> (artifact id: '271272b0bb058bbd2677b818bff9097a') in 0.008772 seconds
  Import took 0.015960 seconds .

========================================================================
Received Import Request.
  Time since last request: 18.817592 seconds.
  path: Assets/Prefabs/Bullet.prefab
  artifactKey: Guid(2c7093878cf24394ead21e525477d1f9) Importer(815301076,1909f56bfc062723c751e8b465ee728b)
Start importing Assets/Prefabs/Bullet.prefab using Guid(2c7093878cf24394ead21e525477d1f9) Importer(815301076,1909f56bfc062723c751e8b465ee728b)  -> (artifact id: 'ca9615846aaa662770f28738b2cbaf22') in 0.031200 seconds
  Import took 0.097606 seconds .

========================================================================
Received Import Request.
  Time since last request: 6.972430 seconds.
  path: Assets/Prefabs/Bullet.prefab
  artifactKey: Guid(2c7093878cf24394ead21e525477d1f9) Importer(815301076,1909f56bfc062723c751e8b465ee728b)
Start importing Assets/Prefabs/Bullet.prefab using Guid(2c7093878cf24394ead21e525477d1f9) Importer(815301076,1909f56bfc062723c751e8b465ee728b)  -> (artifact id: '92f20f791091b7e07f7daa3fa56e55ce') in 0.010383 seconds
  Import took 0.029726 seconds .

========================================================================
Received Import Request.
  Time since last request: 49.075068 seconds.
  path: Assets/Prefabs/Bullet.prefab
  artifactKey: Guid(2c7093878cf24394ead21e525477d1f9) Importer(815301076,1909f56bfc062723c751e8b465ee728b)
Start importing Assets/Prefabs/Bullet.prefab using Guid(2c7093878cf24394ead21e525477d1f9) Importer(815301076,1909f56bfc062723c751e8b465ee728b)  -> (artifact id: '7a45841b376b1903c2dff6c610e20e8d') in 0.014688 seconds
  Import took 0.099608 seconds .

========================================================================
Received Import Request.
  Time since last request: 3.546257 seconds.
  path: Assets/Prefabs/Bullet.prefab
  artifactKey: Guid(2c7093878cf24394ead21e525477d1f9) Importer(815301076,1909f56bfc062723c751e8b465ee728b)
Start importing Assets/Prefabs/Bullet.prefab using Guid(2c7093878cf24394ead21e525477d1f9) Importer(815301076,1909f56bfc062723c751e8b465ee728b)  -> (artifact id: '69ffd6c872efc0bdf7cac17f7235fecb') in 0.034439 seconds
  Import took 0.098676 seconds .

========================================================================
Received Import Request.
  Time since last request: 4.339378 seconds.
  path: Assets/Prefabs/Bullet.prefab
  artifactKey: Guid(2c7093878cf24394ead21e525477d1f9) Importer(815301076,1909f56bfc062723c751e8b465ee728b)
Start importing Assets/Prefabs/Bullet.prefab using Guid(2c7093878cf24394ead21e525477d1f9) Importer(815301076,1909f56bfc062723c751e8b465ee728b)  -> (artifact id: '0ab7b56a6b337b1ef9e825381727a360') in 0.007549 seconds
  Import took 0.013637 seconds .

========================================================================
Received Prepare
Registering precompiled user dll's ...
Registered in 0.004146 seconds.
Begin MonoManager ReloadAssembly
Native extension for WindowsStandalone target not found
Native extension for WebGL target not found
Refreshing native plugins compatible for Editor in 0.83 ms, found 8 plugins.
Preloading 1 native plugins for Editor in 0.06 ms.
Invoked RoslynAnalysisRunner static constructor.
RoslynAnalysisRunner will not be running.
RoslynAnalysisRunner has terminated.
NullReferenceException: Object reference not set to an instance of an object
  at Unity.XR.Oculus.OculusLoader.AssetPathToAbsolutePath (System.String assetPath) [0x00048] in D:\New folder\Inverse Kinematics\Library\PackageCache\com.unity.xr.oculus@1.8.1\Runtime\OculusLoader.cs:243 
  at Unity.XR.Oculus.OculusLoader.EditorLoadOVRPlugin () [0x0007b] in D:\New folder\Inverse Kinematics\Library\PackageCache\com.unity.xr.oculus@1.8.1\Runtime\OculusLoader.cs:228 

(Filename: Library/PackageCache/com.unity.xr.oculus@1.8.1/Runtime/OculusLoader.cs Line: 243)

Mono: successfully reloaded assembly
- Completed reload, in  1.206 seconds
Platform modules already initialized, skipping
Shader 'Universal Render Pipeline/Particles/Lit': fallback shader 'Universal Render Pipeline/Particles/SimpleLit' not found
Refreshing native plugins compatible for Editor in 0.77 ms, found 8 plugins.
Preloading 1 native plugins for Editor in 0.05 ms.
Unloading 3341 Unused Serialized files (Serialized files now loaded: 0)
System memory in use before: 161.2 MB.
System memory in use after: 161.5 MB.

Unloading 21 unused Assets to reduce memory usage. Loaded Objects now: 4140.
Total: 4.575300 ms (FindLiveObjects: 0.594900 ms CreateObjectMapping: 0.284500 ms MarkObjects: 3.648800 ms  DeleteObjects: 0.045700 ms)

========================================================================
Received Import Request.
  Time since last request: 126.175217 seconds.
  path: Assets/Prefabs/Bullet.prefab
  artifactKey: Guid(2c7093878cf24394ead21e525477d1f9) Importer(815301076,1909f56bfc062723c751e8b465ee728b)
Start importing Assets/Prefabs/Bullet.prefab using Guid(2c7093878cf24394ead21e525477d1f9) Importer(815301076,1909f56bfc062723c751e8b465ee728b)  -> (artifact id: '3219015423065d33ea4ccd62d69ae9b9') in 0.154732 seconds
  Import took 0.195713 seconds .

========================================================================
Received Import Request.
  Time since last request: 0.585189 seconds.
  path: Assets/Prefabs/Bullet.prefab
  artifactKey: Guid(2c7093878cf24394ead21e525477d1f9) Importer(815301076,1909f56bfc062723c751e8b465ee728b)
Start importing Assets/Prefabs/Bullet.prefab using Guid(2c7093878cf24394ead21e525477d1f9) Importer(815301076,1909f56bfc062723c751e8b465ee728b)  -> (artifact id: '48ba23a284bd2c1df01e8d0c944b9008') in 0.038622 seconds
  Import took 0.076468 seconds .

========================================================================
Received Import Request.
  Time since last request: 1.929368 seconds.
  path: Assets/Prefabs/Bullet.prefab
  artifactKey: Guid(2c7093878cf24394ead21e525477d1f9) Importer(815301076,1909f56bfc062723c751e8b465ee728b)
Start importing Assets/Prefabs/Bullet.prefab using Guid(2c7093878cf24394ead21e525477d1f9) Importer(815301076,1909f56bfc062723c751e8b465ee728b)  -> (artifact id: '9a1a8481bd20bc6ffc47d496ebfcff5e') in 0.010013 seconds
  Import took 0.035220 seconds .

========================================================================
Received Prepare
Registering precompiled user dll's ...
Registered in 0.004278 seconds.
Begin MonoManager ReloadAssembly
Native extension for WindowsStandalone target not found
Native extension for WebGL target not found
Refreshing native plugins compatible for Editor in 0.79 ms, found 8 plugins.
Preloading 1 native plugins for Editor in 0.06 ms.
Invoked RoslynAnalysisRunner static constructor.
RoslynAnalysisRunner will not be running.
RoslynAnalysisRunner has terminated.
NullReferenceException: Object reference not set to an instance of an object
  at Unity.XR.Oculus.OculusLoader.AssetPathToAbsolutePath (System.String assetPath) [0x00048] in D:\New folder\Inverse Kinematics\Library\PackageCache\com.unity.xr.oculus@1.8.1\Runtime\OculusLoader.cs:243 
  at Unity.XR.Oculus.OculusLoader.EditorLoadOVRPlugin () [0x0007b] in D:\New folder\Inverse Kinematics\Library\PackageCache\com.unity.xr.oculus@1.8.1\Runtime\OculusLoader.cs:228 

(Filename: Library/PackageCache/com.unity.xr.oculus@1.8.1/Runtime/OculusLoader.cs Line: 243)

Mono: successfully reloaded assembly
- Completed reload, in  1.089 seconds
Platform modules already initialized, skipping
Shader 'Universal Render Pipeline/Particles/Lit': fallback shader 'Universal Render Pipeline/Particles/SimpleLit' not found
Refreshing native plugins compatible for Editor in 0.82 ms, found 8 plugins.
Preloading 1 native plugins for Editor in 0.05 ms.
Unloading 3341 Unused Serialized files (Serialized files now loaded: 0)
System memory in use before: 161.4 MB.
System memory in use after: 161.6 MB.

Unloading 21 unused Assets to reduce memory usage. Loaded Objects now: 4179.
Total: 3.878600 ms (FindLiveObjects: 0.459400 ms CreateObjectMapping: 0.216100 ms MarkObjects: 3.134700 ms  DeleteObjects: 0.067100 ms)

========================================================================
Received Prepare
Registering precompiled user dll's ...
Registered in 0.004440 seconds.
Begin MonoManager ReloadAssembly
Native extension for WindowsStandalone target not found
Native extension for WebGL target not found
Refreshing native plugins compatible for Editor in 0.81 ms, found 8 plugins.
Preloading 1 native plugins for Editor in 0.08 ms.
Invoked RoslynAnalysisRunner static constructor.
RoslynAnalysisRunner will not be running.
RoslynAnalysisRunner has terminated.
NullReferenceException: Object reference not set to an instance of an object
  at Unity.XR.Oculus.OculusLoader.AssetPathToAbsolutePath (System.String assetPath) [0x00048] in D:\New folder\Inverse Kinematics\Library\PackageCache\com.unity.xr.oculus@1.8.1\Runtime\OculusLoader.cs:243 
  at Unity.XR.Oculus.OculusLoader.EditorLoadOVRPlugin () [0x0007b] in D:\New folder\Inverse Kinematics\Library\PackageCache\com.unity.xr.oculus@1.8.1\Runtime\OculusLoader.cs:228 

(Filename: Library/PackageCache/com.unity.xr.oculus@1.8.1/Runtime/OculusLoader.cs Line: 243)

Mono: successfully reloaded assembly
- Completed reload, in  1.202 seconds
Platform modules already initialized, skipping
Shader 'Universal Render Pipeline/Particles/Lit': fallback shader 'Universal Render Pipeline/Particles/SimpleLit' not found
Refreshing native plugins compatible for Editor in 0.77 ms, found 8 plugins.
Preloading 1 native plugins for Editor in 0.05 ms.
Unloading 3341 Unused Serialized files (Serialized files now loaded: 0)
System memory in use before: 161.4 MB.
System memory in use after: 161.6 MB.

Unloading 21 unused Assets to reduce memory usage. Loaded Objects now: 4182.
Total: 4.757900 ms (FindLiveObjects: 0.625900 ms CreateObjectMapping: 0.268800 ms MarkObjects: 3.834200 ms  DeleteObjects: 0.027500 ms)

========================================================================
Received Prepare
Registering precompiled user dll's ...
Registered in 0.004138 seconds.
Begin MonoManager ReloadAssembly
Native extension for WindowsStandalone target not found
Native extension for WebGL target not found
Refreshing native plugins compatible for Editor in 1.64 ms, found 8 plugins.
Preloading 1 native plugins for Editor in 0.09 ms.
Invoked RoslynAnalysisRunner static constructor.
RoslynAnalysisRunner will not be running.
RoslynAnalysisRunner has terminated.
NullReferenceException: Object reference not set to an instance of an object
  at Unity.XR.Oculus.OculusLoader.AssetPathToAbsolutePath (System.String assetPath) [0x00048] in D:\New folder\Inverse Kinematics\Library\PackageCache\com.unity.xr.oculus@1.8.1\Runtime\OculusLoader.cs:243 
  at Unity.XR.Oculus.OculusLoader.EditorLoadOVRPlugin () [0x0007b] in D:\New folder\Inverse Kinematics\Library\PackageCache\com.unity.xr.oculus@1.8.1\Runtime\OculusLoader.cs:228 

(Filename: Library/PackageCache/com.unity.xr.oculus@1.8.1/Runtime/OculusLoader.cs Line: 243)

Mono: successfully reloaded assembly
- Completed reload, in  1.436 seconds
Platform modules already initialized, skipping
Shader 'Universal Render Pipeline/Particles/Lit': fallback shader 'Universal Render Pipeline/Particles/SimpleLit' not found
Refreshing native plugins compatible for Editor in 1.31 ms, found 8 plugins.
Preloading 1 native plugins for Editor in 0.08 ms.
Unloading 3342 Unused Serialized files (Serialized files now loaded: 0)
System memory in use before: 161.4 MB.
System memory in use after: 161.7 MB.

Unloading 21 unused Assets to reduce memory usage. Loaded Objects now: 4186.
Total: 4.415800 ms (FindLiveObjects: 0.779400 ms CreateObjectMapping: 0.489600 ms MarkObjects: 3.116300 ms  DeleteObjects: 0.029400 ms)

========================================================================
Received Import Request.
  Time since last request: 333.822361 seconds.
  path: Assets/Materials/gun 2.0.mat
  artifactKey: Guid(8caa1d9f32aa763458250d645e8aa6eb) Importer(815301076,1909f56bfc062723c751e8b465ee728b)
Start importing Assets/Materials/gun 2.0.mat using Guid(8caa1d9f32aa763458250d645e8aa6eb) Importer(815301076,1909f56bfc062723c751e8b465ee728b)  -> (artifact id: '0b9c9d77728bf1f8c0d7d841d871c5da') in 0.624143 seconds
  Import took 0.653822 seconds .

========================================================================
Received Import Request.
  Time since last request: 0.185752 seconds.
  path: Assets/Gun.cs
  artifactKey: Guid(83fd9284ec8825a45af170bf7b6832e0) Importer(815301076,1909f56bfc062723c751e8b465ee728b)
Start importing Assets/Gun.cs using Guid(83fd9284ec8825a45af170bf7b6832e0) Importer(815301076,1909f56bfc062723c751e8b465ee728b)  -> (artifact id: 'b1c86768bb524e93359ec6b2bfd2810a') in 0.005783 seconds
  Import took 0.028314 seconds .

========================================================================
Received Prepare
Registering precompiled user dll's ...
Registered in 0.247285 seconds.
Begin MonoManager ReloadAssembly
Native extension for WindowsStandalone target not found
Native extension for WebGL target not found
Refreshing native plugins compatible for Editor in 0.79 ms, found 8 plugins.
Preloading 1 native plugins for Editor in 0.07 ms.
Invoked RoslynAnalysisRunner static constructor.
RoslynAnalysisRunner will not be running.
RoslynAnalysisRunner has terminated.
NullReferenceException: Object reference not set to an instance of an object
  at Unity.XR.Oculus.OculusLoader.AssetPathToAbsolutePath (System.String assetPath) [0x00048] in D:\New folder\Inverse Kinematics\Library\PackageCache\com.unity.xr.oculus@1.8.1\Runtime\OculusLoader.cs:243 
  at Unity.XR.Oculus.OculusLoader.EditorLoadOVRPlugin () [0x0007b] in D:\New folder\Inverse Kinematics\Library\PackageCache\com.unity.xr.oculus@1.8.1\Runtime\OculusLoader.cs:228 

(Filename: Library/PackageCache/com.unity.xr.oculus@1.8.1/Runtime/OculusLoader.cs Line: 243)

Mono: successfully reloaded assembly
- Completed reload, in  1.281 seconds
Platform modules already initialized, skipping
Shader 'Universal Render Pipeline/Particles/Lit': fallback shader 'Universal Render Pipeline/Particles/SimpleLit' not found
Refreshing native plugins compatible for Editor in 1.20 ms, found 8 plugins.
Preloading 1 native plugins for Editor in 0.08 ms.
Unloading 3342 Unused Serialized files (Serialized files now loaded: 0)
System memory in use before: 161.8 MB.
System memory in use after: 162.0 MB.

Unloading 21 unused Assets to reduce memory usage. Loaded Objects now: 4258.
Total: 5.366400 ms (FindLiveObjects: 0.928600 ms CreateObjectMapping: 0.428500 ms MarkObjects: 3.968800 ms  DeleteObjects: 0.037600 ms)

========================================================================
Received Prepare
Registering precompiled user dll's ...
Registered in 0.005575 seconds.
Begin MonoManager ReloadAssembly
Native extension for WindowsStandalone target not found
Native extension for WebGL target not found
Refreshing native plugins compatible for Editor in 1.06 ms, found 8 plugins.
Preloading 1 native plugins for Editor in 0.07 ms.
Invoked RoslynAnalysisRunner static constructor.
RoslynAnalysisRunner will not be running.
RoslynAnalysisRunner has terminated.
NullReferenceException: Object reference not set to an instance of an object
  at Unity.XR.Oculus.OculusLoader.AssetPathToAbsolutePath (System.String assetPath) [0x00048] in D:\New folder\Inverse Kinematics\Library\PackageCache\com.unity.xr.oculus@1.8.1\Runtime\OculusLoader.cs:243 
  at Unity.XR.Oculus.OculusLoader.EditorLoadOVRPlugin () [0x0007b] in D:\New folder\Inverse Kinematics\Library\PackageCache\com.unity.xr.oculus@1.8.1\Runtime\OculusLoader.cs:228 

(Filename: Library/PackageCache/com.unity.xr.oculus@1.8.1/Runtime/OculusLoader.cs Line: 243)

Mono: successfully reloaded assembly
- Completed reload, in  1.454 seconds
Platform modules already initialized, skipping
Shader 'Universal Render Pipeline/Particles/Lit': fallback shader 'Universal Render Pipeline/Particles/SimpleLit' not found
Refreshing native plugins compatible for Editor in 0.89 ms, found 8 plugins.
Preloading 1 native plugins for Editor in 0.07 ms.
Unloading 3342 Unused Serialized files (Serialized files now loaded: 0)
System memory in use before: 161.8 MB.
System memory in use after: 162.0 MB.

Unloading 21 unused Assets to reduce memory usage. Loaded Objects now: 4261.
Total: 6.910900 ms (FindLiveObjects: 0.761300 ms CreateObjectMapping: 0.494500 ms MarkObjects: 5.624400 ms  DeleteObjects: 0.029300 ms)

========================================================================
Received Prepare
Registering precompiled user dll's ...
Registered in 0.004070 seconds.
Begin MonoManager ReloadAssembly
Native extension for WindowsStandalone target not found
Native extension for WebGL target not found
Refreshing native plugins compatible for Editor in 0.79 ms, found 8 plugins.
Preloading 1 native plugins for Editor in 0.05 ms.
Invoked RoslynAnalysisRunner static constructor.
RoslynAnalysisRunner will not be running.
RoslynAnalysisRunner has terminated.
NullReferenceException: Object reference not set to an instance of an object
  at Unity.XR.Oculus.OculusLoader.AssetPathToAbsolutePath (System.String assetPath) [0x00048] in D:\New folder\Inverse Kinematics\Library\PackageCache\com.unity.xr.oculus@1.8.1\Runtime\OculusLoader.cs:243 
  at Unity.XR.Oculus.OculusLoader.EditorLoadOVRPlugin () [0x0007b] in D:\New folder\Inverse Kinematics\Library\PackageCache\com.unity.xr.oculus@1.8.1\Runtime\OculusLoader.cs:228 

(Filename: Library/PackageCache/com.unity.xr.oculus@1.8.1/Runtime/OculusLoader.cs Line: 243)

Mono: successfully reloaded assembly
- Completed reload, in  1.145 seconds
Platform modules already initialized, skipping
Shader 'Universal Render Pipeline/Particles/Lit': fallback shader 'Universal Render Pipeline/Particles/SimpleLit' not found
Refreshing native plugins compatible for Editor in 0.79 ms, found 8 plugins.
Preloading 1 native plugins for Editor in 0.09 ms.
Unloading 3342 Unused Serialized files (Serialized files now loaded: 0)
System memory in use before: 161.8 MB.
System memory in use after: 162.0 MB.

Unloading 21 unused Assets to reduce memory usage. Loaded Objects now: 4264.
Total: 4.140100 ms (FindLiveObjects: 0.448000 ms CreateObjectMapping: 0.210000 ms MarkObjects: 3.441000 ms  DeleteObjects: 0.039400 ms)

========================================================================
Received Import Request.
  Time since last request: 362.516120 seconds.
  path: Assets/Prefabs/Bullet.cs
  artifactKey: Guid(fb86dc3607e9a744f82ba3ccdc3b8a4b) Importer(815301076,1909f56bfc062723c751e8b465ee728b)
Start importing Assets/Prefabs/Bullet.cs using Guid(fb86dc3607e9a744f82ba3ccdc3b8a4b) Importer(815301076,1909f56bfc062723c751e8b465ee728b)  -> (artifact id: '738ba1e68fab097da95b1d3359cdc7a5') in 0.008056 seconds
  Import took 0.033256 seconds .

========================================================================
Received Prepare
Registering precompiled user dll's ...
Registered in 0.004202 seconds.
Begin MonoManager ReloadAssembly
Native extension for WindowsStandalone target not found
Native extension for WebGL target not found
Refreshing native plugins compatible for Editor in 0.86 ms, found 8 plugins.
Preloading 1 native plugins for Editor in 0.06 ms.
Invoked RoslynAnalysisRunner static constructor.
RoslynAnalysisRunner will not be running.
RoslynAnalysisRunner has terminated.
NullReferenceException: Object reference not set to an instance of an object
  at Unity.XR.Oculus.OculusLoader.AssetPathToAbsolutePath (System.String assetPath) [0x00048] in D:\New folder\Inverse Kinematics\Library\PackageCache\com.unity.xr.oculus@1.8.1\Runtime\OculusLoader.cs:243 
  at Unity.XR.Oculus.OculusLoader.EditorLoadOVRPlugin () [0x0007b] in D:\New folder\Inverse Kinematics\Library\PackageCache\com.unity.xr.oculus@1.8.1\Runtime\OculusLoader.cs:228 

(Filename: Library/PackageCache/com.unity.xr.oculus@1.8.1/Runtime/OculusLoader.cs Line: 243)

Mono: successfully reloaded assembly
- Completed reload, in  1.244 seconds
Platform modules already initialized, skipping
Shader 'Universal Render Pipeline/Particles/Lit': fallback shader 'Universal Render Pipeline/Particles/SimpleLit' not found
Refreshing native plugins compatible for Editor in 0.76 ms, found 8 plugins.
Preloading 1 native plugins for Editor in 0.05 ms.
Unloading 3343 Unused Serialized files (Serialized files now loaded: 0)
System memory in use before: 161.8 MB.
System memory in use after: 162.1 MB.

Unloading 21 unused Assets to reduce memory usage. Loaded Objects now: 4268.
Total: 5.563100 ms (FindLiveObjects: 0.447100 ms CreateObjectMapping: 0.195600 ms MarkObjects: 4.857300 ms  DeleteObjects: 0.062000 ms)

========================================================================
Received Prepare
Registering precompiled user dll's ...
Registered in 0.004049 seconds.
Begin MonoManager ReloadAssembly
Native extension for WindowsStandalone target not found
Native extension for WebGL target not found
Refreshing native plugins compatible for Editor in 0.80 ms, found 8 plugins.
Preloading 1 native plugins for Editor in 0.06 ms.
Invoked RoslynAnalysisRunner static constructor.
RoslynAnalysisRunner will not be running.
RoslynAnalysisRunner has terminated.
NullReferenceException: Object reference not set to an instance of an object
  at Unity.XR.Oculus.OculusLoader.AssetPathToAbsolutePath (System.String assetPath) [0x00048] in D:\New folder\Inverse Kinematics\Library\PackageCache\com.unity.xr.oculus@1.8.1\Runtime\OculusLoader.cs:243 
  at Unity.XR.Oculus.OculusLoader.EditorLoadOVRPlugin () [0x0007b] in D:\New folder\Inverse Kinematics\Library\PackageCache\com.unity.xr.oculus@1.8.1\Runtime\OculusLoader.cs:228 

(Filename: Library/PackageCache/com.unity.xr.oculus@1.8.1/Runtime/OculusLoader.cs Line: 243)

Mono: successfully reloaded assembly
- Completed reload, in  1.113 seconds
Platform modules already initialized, skipping
Shader 'Universal Render Pipeline/Particles/Lit': fallback shader 'Universal Render Pipeline/Particles/SimpleLit' not found
Refreshing native plugins compatible for Editor in 0.75 ms, found 8 plugins.
Preloading 1 native plugins for Editor in 0.05 ms.
Unloading 3343 Unused Serialized files (Serialized files now loaded: 0)
System memory in use before: 161.8 MB.
System memory in use after: 162.1 MB.

Unloading 21 unused Assets to reduce memory usage. Loaded Objects now: 4271.
Total: 3.880900 ms (FindLiveObjects: 0.512800 ms CreateObjectMapping: 0.237300 ms MarkObjects: 3.103700 ms  DeleteObjects: 0.025700 ms)

========================================================================
Received Import Request.
  Time since last request: 282.096037 seconds.
  path: Assets/Prefabs/Bullet.cs
  artifactKey: Guid(fb86dc3607e9a744f82ba3ccdc3b8a4b) Importer(815301076,1909f56bfc062723c751e8b465ee728b)
Start importing Assets/Prefabs/Bullet.cs using Guid(fb86dc3607e9a744f82ba3ccdc3b8a4b) Importer(815301076,1909f56bfc062723c751e8b465ee728b)  -> (artifact id: 'c230829e6b0f4b58021fc130162ca44f') in 0.005467 seconds
  Import took 0.081287 seconds .

========================================================================
Received Import Request.
  Time since last request: 4.326534 seconds.
  path: ProjectSettings/TagManager.asset
  artifactKey: Guid(00000000000000003000000000000000) Importer(815301076,1909f56bfc062723c751e8b465ee728b)
Start importing ProjectSettings/TagManager.asset using Guid(00000000000000003000000000000000) Importer(815301076,1909f56bfc062723c751e8b465ee728b)  -> (artifact id: '76aa5dba906bfd14708c3e668a0193b7') in 0.042702 seconds
  Import took 0.101964 seconds .

========================================================================
Received Prepare
Registering precompiled user dll's ...
Registered in 0.005178 seconds.
Begin MonoManager ReloadAssembly
Native extension for WindowsStandalone target not found
Native extension for WebGL target not found
Refreshing native plugins compatible for Editor in 0.94 ms, found 8 plugins.
Preloading 1 native plugins for Editor in 0.07 ms.
Invoked RoslynAnalysisRunner static constructor.
RoslynAnalysisRunner will not be running.
RoslynAnalysisRunner has terminated.
NullReferenceException: Object reference not set to an instance of an object
  at Unity.XR.Oculus.OculusLoader.AssetPathToAbsolutePath (System.String assetPath) [0x00048] in D:\New folder\Inverse Kinematics\Library\PackageCache\com.unity.xr.oculus@1.8.1\Runtime\OculusLoader.cs:243 
  at Unity.XR.Oculus.OculusLoader.EditorLoadOVRPlugin () [0x0007b] in D:\New folder\Inverse Kinematics\Library\PackageCache\com.unity.xr.oculus@1.8.1\Runtime\OculusLoader.cs:228 

(Filename: Library/PackageCache/com.unity.xr.oculus@1.8.1/Runtime/OculusLoader.cs Line: 243)

Mono: successfully reloaded assembly
- Completed reload, in  1.259 seconds
Platform modules already initialized, skipping
Shader 'Universal Render Pipeline/Particles/Lit': fallback shader 'Universal Render Pipeline/Particles/SimpleLit' not found
Refreshing native plugins compatible for Editor in 0.86 ms, found 8 plugins.
Preloading 1 native plugins for Editor in 0.05 ms.
Unloading 3343 Unused Serialized files (Serialized files now loaded: 0)
System memory in use before: 161.9 MB.
System memory in use after: 162.1 MB.

Unloading 22 unused Assets to reduce memory usage. Loaded Objects now: 4274.
Total: 3.405000 ms (FindLiveObjects: 0.520500 ms CreateObjectMapping: 0.250100 ms MarkObjects: 2.606900 ms  DeleteObjects: 0.025900 ms)

========================================================================
Received Prepare
Registering precompiled user dll's ...
Registered in 0.004355 seconds.
Begin MonoManager ReloadAssembly
Native extension for WindowsStandalone target not found
Native extension for WebGL target not found
Refreshing native plugins compatible for Editor in 1.01 ms, found 8 plugins.
Preloading 1 native plugins for Editor in 0.06 ms.
Invoked RoslynAnalysisRunner static constructor.
RoslynAnalysisRunner will not be running.
RoslynAnalysisRunner has terminated.
NullReferenceException: Object reference not set to an instance of an object
  at Unity.XR.Oculus.OculusLoader.AssetPathToAbsolutePath (System.String assetPath) [0x00048] in D:\New folder\Inverse Kinematics\Library\PackageCache\com.unity.xr.oculus@1.8.1\Runtime\OculusLoader.cs:243 
  at Unity.XR.Oculus.OculusLoader.EditorLoadOVRPlugin () [0x0007b] in D:\New folder\Inverse Kinematics\Library\PackageCache\com.unity.xr.oculus@1.8.1\Runtime\OculusLoader.cs:228 

(Filename: Library/PackageCache/com.unity.xr.oculus@1.8.1/Runtime/OculusLoader.cs Line: 243)

Mono: successfully reloaded assembly
- Completed reload, in  1.246 seconds
Platform modules already initialized, skipping
Shader 'Universal Render Pipeline/Particles/Lit': fallback shader 'Universal Render Pipeline/Particles/SimpleLit' not found
Refreshing native plugins compatible for Editor in 0.95 ms, found 8 plugins.
Preloading 1 native plugins for Editor in 0.08 ms.
Unloading 3343 Unused Serialized files (Serialized files now loaded: 0)
System memory in use before: 161.9 MB.
System memory in use after: 162.1 MB.

Unloading 21 unused Assets to reduce memory usage. Loaded Objects now: 4277.
Total: 6.153600 ms (FindLiveObjects: 0.911700 ms CreateObjectMapping: 0.451300 ms MarkObjects: 4.759900 ms  DeleteObjects: 0.029000 ms)

========================================================================
Received Prepare
Registering precompiled user dll's ...
Registered in 0.004151 seconds.
Begin MonoManager ReloadAssembly
Native extension for WindowsStandalone target not found
Native extension for WebGL target not found
Refreshing native plugins compatible for Editor in 0.79 ms, found 8 plugins.
Preloading 1 native plugins for Editor in 0.05 ms.
Invoked RoslynAnalysisRunner static constructor.
RoslynAnalysisRunner will not be running.
RoslynAnalysisRunner has terminated.
NullReferenceException: Object reference not set to an instance of an object
  at Unity.XR.Oculus.OculusLoader.AssetPathToAbsolutePath (System.String assetPath) [0x00048] in D:\New folder\Inverse Kinematics\Library\PackageCache\com.unity.xr.oculus@1.8.1\Runtime\OculusLoader.cs:243 
  at Unity.XR.Oculus.OculusLoader.EditorLoadOVRPlugin () [0x0007b] in D:\New folder\Inverse Kinematics\Library\PackageCache\com.unity.xr.oculus@1.8.1\Runtime\OculusLoader.cs:228 

(Filename: Library/PackageCache/com.unity.xr.oculus@1.8.1/Runtime/OculusLoader.cs Line: 243)

Mono: successfully reloaded assembly
- Completed reload, in  1.118 seconds
Platform modules already initialized, skipping
Shader 'Universal Render Pipeline/Particles/Lit': fallback shader 'Universal Render Pipeline/Particles/SimpleLit' not found
Refreshing native plugins compatible for Editor in 0.87 ms, found 8 plugins.
Preloading 1 native plugins for Editor in 0.06 ms.
Unloading 3343 Unused Serialized files (Serialized files now loaded: 0)
System memory in use before: 161.9 MB.
System memory in use after: 162.1 MB.

Unloading 21 unused Assets to reduce memory usage. Loaded Objects now: 4280.
Total: 4.091600 ms (FindLiveObjects: 0.528600 ms CreateObjectMapping: 0.223000 ms MarkObjects: 3.303700 ms  DeleteObjects: 0.027000 ms)

========================================================================
Received Import Request.
  Time since last request: 232.836667 seconds.
  path: Assets/Prefabs/Bullet.prefab
  artifactKey: Guid(2c7093878cf24394ead21e525477d1f9) Importer(815301076,1909f56bfc062723c751e8b465ee728b)
Start importing Assets/Prefabs/Bullet.prefab using Guid(2c7093878cf24394ead21e525477d1f9) Importer(815301076,1909f56bfc062723c751e8b465ee728b)  -> (artifact id: '9329b937ba4f609dcda608a8fbcaa3e6') in 0.207219 seconds
  Import took 0.213449 seconds .

========================================================================
Received Prepare
Registering precompiled user dll's ...
Registered in 0.057913 seconds.
Begin MonoManager ReloadAssembly
Native extension for WindowsStandalone target not found
Native extension for WebGL target not found
Refreshing native plugins compatible for Editor in 0.80 ms, found 8 plugins.
Preloading 1 native plugins for Editor in 0.06 ms.
Invoked RoslynAnalysisRunner static constructor.
RoslynAnalysisRunner will not be running.
RoslynAnalysisRunner has terminated.
NullReferenceException: Object reference not set to an instance of an object
  at Unity.XR.Oculus.OculusLoader.AssetPathToAbsolutePath (System.String assetPath) [0x00048] in D:\New folder\Inverse Kinematics\Library\PackageCache\com.unity.xr.oculus@1.8.1\Runtime\OculusLoader.cs:243 
  at Unity.XR.Oculus.OculusLoader.EditorLoadOVRPlugin () [0x0007b] in D:\New folder\Inverse Kinematics\Library\PackageCache\com.unity.xr.oculus@1.8.1\Runtime\OculusLoader.cs:228 

(Filename: Library/PackageCache/com.unity.xr.oculus@1.8.1/Runtime/OculusLoader.cs Line: 243)

Mono: successfully reloaded assembly
- Completed reload, in  1.143 seconds
Platform modules already initialized, skipping
Shader 'Universal Render Pipeline/Particles/Lit': fallback shader 'Universal Render Pipeline/Particles/SimpleLit' not found
Refreshing native plugins compatible for Editor in 0.78 ms, found 8 plugins.
Preloading 1 native plugins for Editor in 0.05 ms.
Unloading 3343 Unused Serialized files (Serialized files now loaded: 0)
System memory in use before: 162.0 MB.
System memory in use after: 162.2 MB.

Unloading 21 unused Assets to reduce memory usage. Loaded Objects now: 4319.
Total: 3.776100 ms (FindLiveObjects: 0.460500 ms CreateObjectMapping: 0.198700 ms MarkObjects: 3.093000 ms  DeleteObjects: 0.022700 ms)

AssetImportWorkerClient::OnTransportError - code=2 error=End of file
