Using pre-set license
Built from '2020.3/release' branch; Version is '2020.3.2f1 (8fd9074bf66c) revision 9427207'; Using compiler version '192528614'; Build Type 'Release'
OS: 'Windows 10 Home Single Language; OS build 22000.588; Version 2009; 64bit' Language: 'en' Physical Memory: 7985 MB
BatchMode: 1, IsHumanControllingUs: 0, StartBugReporterOnCrash: 0, Is64bit: 1, IsPro: 0

 COMMAND LINE ARGUMENTS:
D:\Unity hub\2020.3.2f1\Editor\Unity.exe
-adb2
-batchMode
-noUpm
-name
AssetImportWorker0
-projectPath
D:/New folder/Inverse Kinematics
-logFile
Logs/AssetImportWorker0.log
-srvPort
61248
Successfully changed project path to: D:/New folder/Inverse Kinematics
D:/New folder/Inverse Kinematics
Using Asset Import Pipeline V2.
Refreshing native plugins compatible for Editor in 71.52 ms, found 8 plugins.
Preloading 1 native plugins for Editor in 0.81 ms.
Initialize engine version: 2020.3.2f1 (8fd9074bf66c)
[Subsystems] Discovering subsystems at path D:/Unity hub/2020.3.2f1/Editor/Data/Resources/UnitySubsystems
[Subsystems] Discovering subsystems at path D:/New folder/Inverse Kinematics/Assets
GfxDevice: creating device client; threaded=0
Direct3D:
    Version:  Direct3D 11.0 [level 11.1]
    Renderer: NVIDIA GeForce GTX 1650 (ID=0x1f99)
    Vendor:   
    VRAM:     3962 MB
    Driver:   30.0.15.1169
Shader 'Universal Render Pipeline/Particles/Lit': fallback shader 'Universal Render Pipeline/Particles/SimpleLit' not found
Initialize mono
Mono path[0] = 'D:/Unity hub/2020.3.2f1/Editor/Data/Managed'
Mono path[1] = 'D:/Unity hub/2020.3.2f1/Editor/Data/MonoBleedingEdge/lib/mono/unityjit'
Mono config path = 'D:/Unity hub/2020.3.2f1/Editor/Data/MonoBleedingEdge/etc'
Using monoOptions --debugger-agent=transport=dt_socket,embedding=1,server=y,suspend=n,address=127.0.0.1:56308
Begin MonoManager ReloadAssembly
Registering precompiled unity dll's ...
Register platform support module: D:/Unity hub/2020.3.2f1/Editor/Data/PlaybackEngines/WebGLSupport/UnityEditor.WebGL.Extensions.dll
Register platform support module: D:/Unity hub/2020.3.2f1/Editor/Data/PlaybackEngines/WindowsStandaloneSupport/UnityEditor.WindowsStandalone.Extensions.dll
Registered in 0.000993 seconds.
Native extension for WindowsStandalone target not found
Native extension for WebGL target not found
Refreshing native plugins compatible for Editor in 52.08 ms, found 8 plugins.
Preloading 1 native plugins for Editor in 0.06 ms.
Invoked RoslynAnalysisRunner static constructor.
RoslynAnalysisRunner will not be running.
RoslynAnalysisRunner has terminated.
Mono: successfully reloaded assembly
- Completed reload, in  1.067 seconds
Platform modules already initialized, skipping
Registering precompiled user dll's ...
Registered in 0.004134 seconds.
Begin MonoManager ReloadAssembly
Native extension for WindowsStandalone target not found
Native extension for WebGL target not found
Refreshing native plugins compatible for Editor in 54.81 ms, found 8 plugins.
Preloading 1 native plugins for Editor in 0.06 ms.
Invoked RoslynAnalysisRunner static constructor.
RoslynAnalysisRunner will not be running.
RoslynAnalysisRunner has terminated.
[XR] OculusXRPlugin: registering subsystems
[XR] Unable to register display lifecyle provider: [1]
[XR] Oculus Input lifecycle provider registered.
[XR] Unable to register input lifecyle provider: [1]
NullReferenceException: Object reference not set to an instance of an object
  at Unity.XR.Oculus.OculusLoader.AssetPathToAbsolutePath (System.String assetPath) [0x00048] in D:\New folder\Inverse Kinematics\Library\PackageCache\com.unity.xr.oculus@1.8.1\Runtime\OculusLoader.cs:243 
  at Unity.XR.Oculus.OculusLoader.EditorLoadOVRPlugin () [0x0007b] in D:\New folder\Inverse Kinematics\Library\PackageCache\com.unity.xr.oculus@1.8.1\Runtime\OculusLoader.cs:228 

(Filename: Library/PackageCache/com.unity.xr.oculus@1.8.1/Runtime/OculusLoader.cs Line: 243)

Mono: successfully reloaded assembly
- Completed reload, in  1.575 seconds
Platform modules already initialized, skipping
========================================================================
Worker process is ready to serve import requests
Shader 'Universal Render Pipeline/Particles/Lit': fallback shader 'Universal Render Pipeline/Particles/SimpleLit' not found
Launched and connected shader compiler UnityShaderCompiler.exe after 0.06 seconds
Refreshing native plugins compatible for Editor in 0.68 ms, found 8 plugins.
Preloading 1 native plugins for Editor in 0.06 ms.
Unloading 3466 Unused Serialized files (Serialized files now loaded: 0)
System memory in use before: 156.5 MB.
System memory in use after: 156.5 MB.

Unloading 28 unused Assets to reduce memory usage. Loaded Objects now: 3903.
Total: 3.294200 ms (FindLiveObjects: 0.391900 ms CreateObjectMapping: 0.283800 ms MarkObjects: 2.546000 ms  DeleteObjects: 0.071000 ms)

========================================================================
Received Import Request.
  path: Assets/Anim_Trigger.anim
  artifactKey: Guid(078017b36f8095545a3472592374947f) Importer(815301076,1909f56bfc062723c751e8b465ee728b)
Start importing Assets/Anim_Trigger.anim using Guid(078017b36f8095545a3472592374947f) Importer(815301076,1909f56bfc062723c751e8b465ee728b)  -> (artifact id: '9a44495975394649314bbe2720a7df77') in 0.105382 seconds
  Import took 0.150034 seconds .

========================================================================
Received Import Request.
  Time since last request: 0.000313 seconds.
  path: Assets/Anim_IDLE.anim
  artifactKey: Guid(767d5c0a170a3e04dbcd031442b3ec67) Importer(815301076,1909f56bfc062723c751e8b465ee728b)
Start importing Assets/Anim_IDLE.anim using Guid(767d5c0a170a3e04dbcd031442b3ec67) Importer(815301076,1909f56bfc062723c751e8b465ee728b)  -> (artifact id: 'bb3f8426865701f42e09ae39e59f0cb1') in 0.007582 seconds
  Import took 0.066993 seconds .

========================================================================
Received Import Request.
  Time since last request: 45.240594 seconds.
  path: Assets/CloseHand_left.anim
  artifactKey: Guid(9b783793605b51d4392d5d828b933228) Importer(815301076,1909f56bfc062723c751e8b465ee728b)
Start importing Assets/CloseHand_left.anim using Guid(9b783793605b51d4392d5d828b933228) Importer(815301076,1909f56bfc062723c751e8b465ee728b)  -> (artifact id: 'dbbc081d62d836431f2f40ccacdd6192') in 0.021138 seconds
  Import took 0.048222 seconds .

========================================================================
Received Import Request.
  Time since last request: 0.000378 seconds.
  path: Assets/CloseHand_left.anim
  artifactKey: Guid(9b783793605b51d4392d5d828b933228) Importer(815301076,1909f56bfc062723c751e8b465ee728b)
Start importing Assets/CloseHand_left.anim using Guid(9b783793605b51d4392d5d828b933228) Importer(815301076,1909f56bfc062723c751e8b465ee728b)  -> (artifact id: 'dbbc081d62d836431f2f40ccacdd6192') in 0.045792 seconds
  Import took 0.051299 seconds .

========================================================================
Received Import Request.
  Time since last request: 775.872738 seconds.
  path: Assets/Left_Close.anim
  artifactKey: Guid(5f10cc0428caf1a4ea54b358bb1de247) Importer(815301076,1909f56bfc062723c751e8b465ee728b)
Start importing Assets/Left_Close.anim using Guid(5f10cc0428caf1a4ea54b358bb1de247) Importer(815301076,1909f56bfc062723c751e8b465ee728b)  -> (artifact id: '33ca49dd739ee3a59abf6aab30509923') in 0.008156 seconds
  Import took 0.020977 seconds .

========================================================================
Received Import Request.
  Time since last request: 0.001642 seconds.
  path: Assets/Left_Close.anim
  artifactKey: Guid(5f10cc0428caf1a4ea54b358bb1de247) Importer(815301076,1909f56bfc062723c751e8b465ee728b)
Start importing Assets/Left_Close.anim using Guid(5f10cc0428caf1a4ea54b358bb1de247) Importer(815301076,1909f56bfc062723c751e8b465ee728b)  -> (artifact id: '33ca49dd739ee3a59abf6aab30509923') in 0.004289 seconds
  Import took 0.012926 seconds .

========================================================================
Received Import Request.
  Time since last request: 0.825712 seconds.
  path: Assets/Left_Close 1.anim
  artifactKey: Guid(bd8871d8621536f40b02000e83911be7) Importer(815301076,1909f56bfc062723c751e8b465ee728b)
Start importing Assets/Left_Close 1.anim using Guid(bd8871d8621536f40b02000e83911be7) Importer(815301076,1909f56bfc062723c751e8b465ee728b)  -> (artifact id: '5d6b482b338ee6c9df441d2a1842e209') in 0.005994 seconds
  Import took 0.045115 seconds .

========================================================================
Received Import Request.
  Time since last request: 6.378884 seconds.
  path: Assets/Left_trigger.anim
  artifactKey: Guid(5f10cc0428caf1a4ea54b358bb1de247) Importer(815301076,1909f56bfc062723c751e8b465ee728b)
Start importing Assets/Left_trigger.anim using Guid(5f10cc0428caf1a4ea54b358bb1de247) Importer(815301076,1909f56bfc062723c751e8b465ee728b)  -> (artifact id: '59f8ca324653bf647a296a7c0538814f') in 0.005759 seconds
  Import took 0.024013 seconds .

========================================================================
Received Import Request.
  Time since last request: 101.715548 seconds.
  path: Assets/Left_Close 2.anim
  artifactKey: Guid(9d443b63c9753da44b3cac582b9697de) Importer(815301076,1909f56bfc062723c751e8b465ee728b)
Start importing Assets/Left_Close 2.anim using Guid(9d443b63c9753da44b3cac582b9697de) Importer(815301076,1909f56bfc062723c751e8b465ee728b)  -> (artifact id: 'ad37f9045353d891e8074bd17f1ca62c') in 0.129933 seconds
  Import took 0.161992 seconds .

========================================================================
Received Import Request.
  Time since last request: 8.601881 seconds.
  path: Assets/Left_Grip.anim
  artifactKey: Guid(9d443b63c9753da44b3cac582b9697de) Importer(815301076,1909f56bfc062723c751e8b465ee728b)
Start importing Assets/Left_Grip.anim using Guid(9d443b63c9753da44b3cac582b9697de) Importer(815301076,1909f56bfc062723c751e8b465ee728b)  -> (artifact id: '95fdd202977b629fa46aaf1771149ebe') in 0.006387 seconds
  Import took 0.011754 seconds .

========================================================================
Received Import Request.
  Time since last request: 19.023111 seconds.
  path: Assets/Left_trigger.anim
  artifactKey: Guid(5f10cc0428caf1a4ea54b358bb1de247) Importer(815301076,1909f56bfc062723c751e8b465ee728b)
Start importing Assets/Left_trigger.anim using Guid(5f10cc0428caf1a4ea54b358bb1de247) Importer(815301076,1909f56bfc062723c751e8b465ee728b)  -> (artifact id: '5a211cad285370dc5e30141645285cd9') in 0.003284 seconds
  Import took 0.009870 seconds .

========================================================================
Received Import Request.
  Time since last request: 0.003621 seconds.
  path: Assets/Left_trigger.anim
  artifactKey: Guid(5f10cc0428caf1a4ea54b358bb1de247) Importer(815301076,1909f56bfc062723c751e8b465ee728b)
Start importing Assets/Left_trigger.anim using Guid(5f10cc0428caf1a4ea54b358bb1de247) Importer(815301076,1909f56bfc062723c751e8b465ee728b)  -> (artifact id: '5a211cad285370dc5e30141645285cd9') in 0.002687 seconds
  Import took 0.008979 seconds .

========================================================================
Received Import Request.
  Time since last request: 13.613076 seconds.
  path: Assets/Left_Close 1.anim
  artifactKey: Guid(bd8871d8621536f40b02000e83911be7) Importer(815301076,1909f56bfc062723c751e8b465ee728b)
Start importing Assets/Left_Close 1.anim using Guid(bd8871d8621536f40b02000e83911be7) Importer(815301076,1909f56bfc062723c751e8b465ee728b)  -> (artifact id: 'ed855e95f94be6108ed130c448624abd') in 0.003050 seconds
  Import took 0.010222 seconds .

========================================================================
Received Import Request.
  Time since last request: 0.003966 seconds.
  path: Assets/Left_Close 1.anim
  artifactKey: Guid(bd8871d8621536f40b02000e83911be7) Importer(815301076,1909f56bfc062723c751e8b465ee728b)
Start importing Assets/Left_Close 1.anim using Guid(bd8871d8621536f40b02000e83911be7) Importer(815301076,1909f56bfc062723c751e8b465ee728b)  -> (artifact id: 'ed855e95f94be6108ed130c448624abd') in 0.003096 seconds
  Import took 0.008854 seconds .

========================================================================
Received Import Request.
  Time since last request: 64.739674 seconds.
  path: Assets/Left_Grip.anim
  artifactKey: Guid(9d443b63c9753da44b3cac582b9697de) Importer(815301076,1909f56bfc062723c751e8b465ee728b)
Start importing Assets/Left_Grip.anim using Guid(9d443b63c9753da44b3cac582b9697de) Importer(815301076,1909f56bfc062723c751e8b465ee728b)  -> (artifact id: '19f8144d73838f177aedf34b47c9a485') in 0.002881 seconds
  Import took 0.036562 seconds .

========================================================================
Received Import Request.
  Time since last request: 91.360276 seconds.
  path: Assets/Left_Close.anim
  artifactKey: Guid(eb8a0e8d803ace741b775360326e2fdc) Importer(815301076,1909f56bfc062723c751e8b465ee728b)
Start importing Assets/Left_Close.anim using Guid(eb8a0e8d803ace741b775360326e2fdc) Importer(815301076,1909f56bfc062723c751e8b465ee728b)  -> (artifact id: '10ae1cb2490083f946a0cf3de4fc7ce3') in 0.002560 seconds
  Import took 0.041590 seconds .

========================================================================
Received Import Request.
  Time since last request: 186.329560 seconds.
  path: Assets/Animations/LeftHand_Controller.controller
  artifactKey: Guid(8ee931539ebb72147aa42f91ad5d7bae) Importer(815301076,1909f56bfc062723c751e8b465ee728b)
Start importing Assets/Animations/LeftHand_Controller.controller using Guid(8ee931539ebb72147aa42f91ad5d7bae) Importer(815301076,1909f56bfc062723c751e8b465ee728b)  -> (artifact id: '013d35af47192b7fe8ff5dcfa286865e') in 0.010761 seconds
  Import took 0.055739 seconds .

========================================================================
Received Import Request.
  Time since last request: 7.765732 seconds.
  path: Assets/Left_Close.anim
  artifactKey: Guid(eb8a0e8d803ace741b775360326e2fdc) Importer(815301076,1909f56bfc062723c751e8b465ee728b)
Start importing Assets/Left_Close.anim using Guid(eb8a0e8d803ace741b775360326e2fdc) Importer(815301076,1909f56bfc062723c751e8b465ee728b)  -> (artifact id: '7dc9846ef03952ad642461844bc452f2') in 0.003275 seconds
  Import took 0.091764 seconds .

========================================================================
Received Import Request.
  Time since last request: 255.883772 seconds.
  path: Assets/Scripts/Hand.cs
  artifactKey: Guid(85153adc8e2561644b4ac44600bcc793) Importer(815301076,1909f56bfc062723c751e8b465ee728b)
Start importing Assets/Scripts/Hand.cs using Guid(85153adc8e2561644b4ac44600bcc793) Importer(815301076,1909f56bfc062723c751e8b465ee728b)  -> (artifact id: 'cd38c5711b6378d42f288d1631b05f2a') in 0.026988 seconds
  Import took 0.108771 seconds .

========================================================================
Received Import Request.
  Time since last request: 400.748999 seconds.
  path: Assets/Left_Grip.anim
  artifactKey: Guid(9d443b63c9753da44b3cac582b9697de) Importer(815301076,1909f56bfc062723c751e8b465ee728b)
Start importing Assets/Left_Grip.anim using Guid(9d443b63c9753da44b3cac582b9697de) Importer(815301076,1909f56bfc062723c751e8b465ee728b)  -> (artifact id: 'cd3c5808d163b8f67a2acec5c7040162') in 0.059908 seconds
  Import took 0.068660 seconds .

========================================================================
Received Import Request.
  Time since last request: 2.557427 seconds.
  path: Assets/Left_idle.anim
  artifactKey: Guid(13674bd18eb0ab24e852bd3442675d8c) Importer(815301076,1909f56bfc062723c751e8b465ee728b)
Start importing Assets/Left_idle.anim using Guid(13674bd18eb0ab24e852bd3442675d8c) Importer(815301076,1909f56bfc062723c751e8b465ee728b)  -> (artifact id: '42a439927d23bfde697230f5afe922e0') in 0.054773 seconds
  Import took 0.127460 seconds .

========================================================================
Received Prepare
Registering precompiled user dll's ...
Registered in 0.704670 seconds.
Begin MonoManager ReloadAssembly
Native extension for WindowsStandalone target not found
Native extension for WebGL target not found
Refreshing native plugins compatible for Editor in 1.14 ms, found 8 plugins.
Preloading 1 native plugins for Editor in 0.10 ms.
Invoked RoslynAnalysisRunner static constructor.
RoslynAnalysisRunner will not be running.
RoslynAnalysisRunner has terminated.
NullReferenceException: Object reference not set to an instance of an object
  at Unity.XR.Oculus.OculusLoader.AssetPathToAbsolutePath (System.String assetPath) [0x00048] in D:\New folder\Inverse Kinematics\Library\PackageCache\com.unity.xr.oculus@1.8.1\Runtime\OculusLoader.cs:243 
  at Unity.XR.Oculus.OculusLoader.EditorLoadOVRPlugin () [0x0007b] in D:\New folder\Inverse Kinematics\Library\PackageCache\com.unity.xr.oculus@1.8.1\Runtime\OculusLoader.cs:228 

(Filename: Library/PackageCache/com.unity.xr.oculus@1.8.1/Runtime/OculusLoader.cs Line: 243)

Mono: successfully reloaded assembly
- Completed reload, in  3.135 seconds
Platform modules already initialized, skipping
Shader 'Universal Render Pipeline/Particles/Lit': fallback shader 'Universal Render Pipeline/Particles/SimpleLit' not found
Refreshing native plugins compatible for Editor in 1.19 ms, found 8 plugins.
Preloading 1 native plugins for Editor in 0.07 ms.
Unloading 3338 Unused Serialized files (Serialized files now loaded: 0)
System memory in use before: 157.9 MB.
System memory in use after: 158.2 MB.

Unloading 21 unused Assets to reduce memory usage. Loaded Objects now: 3906.
Total: 4.987200 ms (FindLiveObjects: 0.378800 ms CreateObjectMapping: 0.232400 ms MarkObjects: 4.283300 ms  DeleteObjects: 0.090600 ms)

========================================================================
Received Import Request.
  Time since last request: 105.448384 seconds.
  path: Assets/Left_CloseBoth.anim
  artifactKey: Guid(bf91fb8465aa2ff48b4f6e7b972ba95f) Importer(815301076,1909f56bfc062723c751e8b465ee728b)
Start importing Assets/Left_CloseBoth.anim using Guid(bf91fb8465aa2ff48b4f6e7b972ba95f) Importer(815301076,1909f56bfc062723c751e8b465ee728b)  -> (artifact id: '8c920dde274bbf820eae713f599e8140') in 0.033535 seconds
  Import took 0.101728 seconds .

========================================================================
Received Import Request.
  Time since last request: 42.865021 seconds.
  path: Assets/Left_Close.anim
  artifactKey: Guid(eb8a0e8d803ace741b775360326e2fdc) Importer(815301076,1909f56bfc062723c751e8b465ee728b)
Start importing Assets/Left_Close.anim using Guid(eb8a0e8d803ace741b775360326e2fdc) Importer(815301076,1909f56bfc062723c751e8b465ee728b)  -> (artifact id: '3f56f04c66aee7fad6e9239e564ae946') in 0.008159 seconds
  Import took 0.081747 seconds .

========================================================================
Received Import Request.
  Time since last request: 0.309711 seconds.
  path: Assets/Left_CloseBoth.anim
  artifactKey: Guid(bf91fb8465aa2ff48b4f6e7b972ba95f) Importer(815301076,1909f56bfc062723c751e8b465ee728b)
Start importing Assets/Left_CloseBoth.anim using Guid(bf91fb8465aa2ff48b4f6e7b972ba95f) Importer(815301076,1909f56bfc062723c751e8b465ee728b)  -> (artifact id: '73fcd971f3f8c20bde392b7902359d60') in 0.003722 seconds
  Import took 0.066780 seconds .

========================================================================
Received Prepare
Registering precompiled user dll's ...
Registered in 0.220306 seconds.
Begin MonoManager ReloadAssembly
Native extension for WindowsStandalone target not found
Native extension for WebGL target not found
Refreshing native plugins compatible for Editor in 1.05 ms, found 8 plugins.
Preloading 1 native plugins for Editor in 0.09 ms.
Invoked RoslynAnalysisRunner static constructor.
RoslynAnalysisRunner will not be running.
RoslynAnalysisRunner has terminated.
NullReferenceException: Object reference not set to an instance of an object
  at Unity.XR.Oculus.OculusLoader.AssetPathToAbsolutePath (System.String assetPath) [0x00048] in D:\New folder\Inverse Kinematics\Library\PackageCache\com.unity.xr.oculus@1.8.1\Runtime\OculusLoader.cs:243 
  at Unity.XR.Oculus.OculusLoader.EditorLoadOVRPlugin () [0x0007b] in D:\New folder\Inverse Kinematics\Library\PackageCache\com.unity.xr.oculus@1.8.1\Runtime\OculusLoader.cs:228 

(Filename: Library/PackageCache/com.unity.xr.oculus@1.8.1/Runtime/OculusLoader.cs Line: 243)

Mono: successfully reloaded assembly
- Completed reload, in  1.175 seconds
Platform modules already initialized, skipping
Shader 'Universal Render Pipeline/Particles/Lit': fallback shader 'Universal Render Pipeline/Particles/SimpleLit' not found
Refreshing native plugins compatible for Editor in 0.75 ms, found 8 plugins.
Preloading 1 native plugins for Editor in 0.05 ms.
Unloading 3338 Unused Serialized files (Serialized files now loaded: 0)
System memory in use before: 158.0 MB.
System memory in use after: 158.2 MB.

Unloading 21 unused Assets to reduce memory usage. Loaded Objects now: 3909.
Total: 3.600700 ms (FindLiveObjects: 0.413200 ms CreateObjectMapping: 0.239300 ms MarkObjects: 2.922700 ms  DeleteObjects: 0.024400 ms)

========================================================================
Received Import Request.
  Time since last request: 102.042478 seconds.
  path: Assets/Animations/LeftHand_Controller.controller
  artifactKey: Guid(8ee931539ebb72147aa42f91ad5d7bae) Importer(815301076,1909f56bfc062723c751e8b465ee728b)
Start importing Assets/Animations/LeftHand_Controller.controller using Guid(8ee931539ebb72147aa42f91ad5d7bae) Importer(815301076,1909f56bfc062723c751e8b465ee728b)  -> (artifact id: 'd32dc33945b10801eae57cb92ed686a9') in 0.020891 seconds
  Import took 0.128624 seconds .

========================================================================
Received Import Request.
  Time since last request: 75.127998 seconds.
  path: Assets/Animations/LeftHand_Controller.controller
  artifactKey: Guid(8ee931539ebb72147aa42f91ad5d7bae) Importer(815301076,1909f56bfc062723c751e8b465ee728b)
Start importing Assets/Animations/LeftHand_Controller.controller using Guid(8ee931539ebb72147aa42f91ad5d7bae) Importer(815301076,1909f56bfc062723c751e8b465ee728b)  -> (artifact id: '7dc37ba8a404a27e47ad81a6ca0afecc') in 0.007845 seconds
  Import took 0.015100 seconds .

========================================================================
Received Prepare
Registering precompiled user dll's ...
Registered in 0.006228 seconds.
Begin MonoManager ReloadAssembly
Native extension for WindowsStandalone target not found
Native extension for WebGL target not found
Refreshing native plugins compatible for Editor in 0.78 ms, found 8 plugins.
Preloading 1 native plugins for Editor in 0.07 ms.
Invoked RoslynAnalysisRunner static constructor.
RoslynAnalysisRunner will not be running.
RoslynAnalysisRunner has terminated.
NullReferenceException: Object reference not set to an instance of an object
  at Unity.XR.Oculus.OculusLoader.AssetPathToAbsolutePath (System.String assetPath) [0x00048] in D:\New folder\Inverse Kinematics\Library\PackageCache\com.unity.xr.oculus@1.8.1\Runtime\OculusLoader.cs:243 
  at Unity.XR.Oculus.OculusLoader.EditorLoadOVRPlugin () [0x0007b] in D:\New folder\Inverse Kinematics\Library\PackageCache\com.unity.xr.oculus@1.8.1\Runtime\OculusLoader.cs:228 

(Filename: Library/PackageCache/com.unity.xr.oculus@1.8.1/Runtime/OculusLoader.cs Line: 243)

Mono: successfully reloaded assembly
- Completed reload, in  1.164 seconds
Platform modules already initialized, skipping
Shader 'Universal Render Pipeline/Particles/Lit': fallback shader 'Universal Render Pipeline/Particles/SimpleLit' not found
Refreshing native plugins compatible for Editor in 0.97 ms, found 8 plugins.
Preloading 1 native plugins for Editor in 0.07 ms.
Unloading 3338 Unused Serialized files (Serialized files now loaded: 0)
System memory in use before: 158.0 MB.
System memory in use after: 158.3 MB.

Unloading 21 unused Assets to reduce memory usage. Loaded Objects now: 3912.
Total: 3.992600 ms (FindLiveObjects: 0.577200 ms CreateObjectMapping: 0.395700 ms MarkObjects: 2.989400 ms  DeleteObjects: 0.028800 ms)

========================================================================
Received Import Request.
  Time since last request: 295.769102 seconds.
  path: Assets/Animations/ybot.controller
  artifactKey: Guid(a4c902e30d5dd9945aded2b8266c2ac9) Importer(815301076,1909f56bfc062723c751e8b465ee728b)
Start importing Assets/Animations/ybot.controller using Guid(a4c902e30d5dd9945aded2b8266c2ac9) Importer(815301076,1909f56bfc062723c751e8b465ee728b)  -> (artifact id: '1e7584bdd5e8c43eb77a67876d52b96c') in 0.278540 seconds
  Import took 0.315337 seconds .

========================================================================
Received Import Request.
  Time since last request: 2.674312 seconds.
  path: Assets/Animations/ybot.controller
  artifactKey: Guid(a4c902e30d5dd9945aded2b8266c2ac9) Importer(815301076,1909f56bfc062723c751e8b465ee728b)
Start importing Assets/Animations/ybot.controller using Guid(a4c902e30d5dd9945aded2b8266c2ac9) Importer(815301076,1909f56bfc062723c751e8b465ee728b)  -> (artifact id: '1e7584bdd5e8c43eb77a67876d52b96c') in 0.009338 seconds
  Import took 0.065383 seconds .

========================================================================
Received Prepare
Registering precompiled user dll's ...
Registered in 0.004075 seconds.
Begin MonoManager ReloadAssembly
Native extension for WindowsStandalone target not found
Native extension for WebGL target not found
Refreshing native plugins compatible for Editor in 0.74 ms, found 8 plugins.
Preloading 1 native plugins for Editor in 0.05 ms.
Invoked RoslynAnalysisRunner static constructor.
RoslynAnalysisRunner will not be running.
RoslynAnalysisRunner has terminated.
NullReferenceException: Object reference not set to an instance of an object
  at Unity.XR.Oculus.OculusLoader.AssetPathToAbsolutePath (System.String assetPath) [0x00048] in D:\New folder\Inverse Kinematics\Library\PackageCache\com.unity.xr.oculus@1.8.1\Runtime\OculusLoader.cs:243 
  at Unity.XR.Oculus.OculusLoader.EditorLoadOVRPlugin () [0x0007b] in D:\New folder\Inverse Kinematics\Library\PackageCache\com.unity.xr.oculus@1.8.1\Runtime\OculusLoader.cs:228 

(Filename: Library/PackageCache/com.unity.xr.oculus@1.8.1/Runtime/OculusLoader.cs Line: 243)

Mono: successfully reloaded assembly
- Completed reload, in  1.063 seconds
Platform modules already initialized, skipping
Shader 'Universal Render Pipeline/Particles/Lit': fallback shader 'Universal Render Pipeline/Particles/SimpleLit' not found
Refreshing native plugins compatible for Editor in 0.82 ms, found 8 plugins.
Preloading 1 native plugins for Editor in 0.08 ms.
Unloading 3338 Unused Serialized files (Serialized files now loaded: 0)
System memory in use before: 158.0 MB.
System memory in use after: 158.3 MB.

Unloading 21 unused Assets to reduce memory usage. Loaded Objects now: 3915.
Total: 4.826200 ms (FindLiveObjects: 0.456100 ms CreateObjectMapping: 0.224300 ms MarkObjects: 4.120700 ms  DeleteObjects: 0.023500 ms)

========================================================================
Received Import Request.
  Time since last request: 628.198132 seconds.
  path: ProjectSettings/TagManager.asset
  artifactKey: Guid(00000000000000003000000000000000) Importer(815301076,1909f56bfc062723c751e8b465ee728b)
Start importing ProjectSettings/TagManager.asset using Guid(00000000000000003000000000000000) Importer(815301076,1909f56bfc062723c751e8b465ee728b)  -> (artifact id: 'ed16127c336242b7ffc2c300d7e3e1da') in 0.023222 seconds
  Import took 0.030514 seconds .

========================================================================
Received Import Request.
  Time since last request: 0.004540 seconds.
  path: ProjectSettings/TagManager.asset
  artifactKey: Guid(00000000000000003000000000000000) Importer(815301076,1909f56bfc062723c751e8b465ee728b)
Start importing ProjectSettings/TagManager.asset using Guid(00000000000000003000000000000000) Importer(815301076,1909f56bfc062723c751e8b465ee728b)  -> (artifact id: 'ed16127c336242b7ffc2c300d7e3e1da') in 0.002793 seconds
  Import took 0.009625 seconds .

========================================================================
Received Prepare
Registering precompiled user dll's ...
Registered in 0.329168 seconds.
Begin MonoManager ReloadAssembly
Native extension for WindowsStandalone target not found
Native extension for WebGL target not found
Refreshing native plugins compatible for Editor in 1.09 ms, found 8 plugins.
Preloading 1 native plugins for Editor in 0.08 ms.
Invoked RoslynAnalysisRunner static constructor.
RoslynAnalysisRunner will not be running.
RoslynAnalysisRunner has terminated.
NullReferenceException: Object reference not set to an instance of an object
  at Unity.XR.Oculus.OculusLoader.AssetPathToAbsolutePath (System.String assetPath) [0x00048] in D:\New folder\Inverse Kinematics\Library\PackageCache\com.unity.xr.oculus@1.8.1\Runtime\OculusLoader.cs:243 
  at Unity.XR.Oculus.OculusLoader.EditorLoadOVRPlugin () [0x0007b] in D:\New folder\Inverse Kinematics\Library\PackageCache\com.unity.xr.oculus@1.8.1\Runtime\OculusLoader.cs:228 

(Filename: Library/PackageCache/com.unity.xr.oculus@1.8.1/Runtime/OculusLoader.cs Line: 243)

Mono: successfully reloaded assembly
- Completed reload, in  1.290 seconds
Platform modules already initialized, skipping
Shader 'Universal Render Pipeline/Particles/Lit': fallback shader 'Universal Render Pipeline/Particles/SimpleLit' not found
Refreshing native plugins compatible for Editor in 0.78 ms, found 8 plugins.
Preloading 1 native plugins for Editor in 0.05 ms.
Unloading 3338 Unused Serialized files (Serialized files now loaded: 0)
System memory in use before: 158.1 MB.
System memory in use after: 158.3 MB.

Unloading 23 unused Assets to reduce memory usage. Loaded Objects now: 3918.
Total: 4.241300 ms (FindLiveObjects: 0.572600 ms CreateObjectMapping: 0.350300 ms MarkObjects: 3.283500 ms  DeleteObjects: 0.033700 ms)

========================================================================
Received Import Request.
  Time since last request: 677.057841 seconds.
  path: Assets/gun_final.fbx
  artifactKey: Guid(6219f2e14cb5bbe408a2c1b1bb5e31f8) Importer(815301076,1909f56bfc062723c751e8b465ee728b)
Start importing Assets/gun_final.fbx using Guid(6219f2e14cb5bbe408a2c1b1bb5e31f8) Importer(815301076,1909f56bfc062723c751e8b465ee728b)  -> (artifact id: 'a4d4a7f5095f35853900f44dacfaeefd') in 0.980143 seconds
  Import took 1.030181 seconds .

========================================================================
Received Import Request.
  Time since last request: 0.000217 seconds.
  path: Assets/gun_final.prefab
  artifactKey: Guid(1451742c59ab5204b99920ce512b4f47) Importer(815301076,1909f56bfc062723c751e8b465ee728b)
Start importing Assets/gun_final.prefab using Guid(1451742c59ab5204b99920ce512b4f47) Importer(815301076,1909f56bfc062723c751e8b465ee728b)  -> (artifact id: '5f31d7cfc39133fec2f49fb93372ea14') in 0.052771 seconds
  Import took 0.110000 seconds .

========================================================================
Received Prepare
Registering precompiled user dll's ...
Registered in 0.801264 seconds.
Begin MonoManager ReloadAssembly
Native extension for WindowsStandalone target not found
Native extension for WebGL target not found
Refreshing native plugins compatible for Editor in 1.04 ms, found 8 plugins.
Preloading 1 native plugins for Editor in 0.33 ms.
Invoked RoslynAnalysisRunner static constructor.
RoslynAnalysisRunner will not be running.
RoslynAnalysisRunner has terminated.
NullReferenceException: Object reference not set to an instance of an object
  at Unity.XR.Oculus.OculusLoader.AssetPathToAbsolutePath (System.String assetPath) [0x00048] in D:\New folder\Inverse Kinematics\Library\PackageCache\com.unity.xr.oculus@1.8.1\Runtime\OculusLoader.cs:243 
  at Unity.XR.Oculus.OculusLoader.EditorLoadOVRPlugin () [0x0007b] in D:\New folder\Inverse Kinematics\Library\PackageCache\com.unity.xr.oculus@1.8.1\Runtime\OculusLoader.cs:228 

(Filename: Library/PackageCache/com.unity.xr.oculus@1.8.1/Runtime/OculusLoader.cs Line: 243)

Mono: successfully reloaded assembly
- Completed reload, in  3.041 seconds
Platform modules already initialized, skipping
Shader 'Universal Render Pipeline/Particles/Lit': fallback shader 'Universal Render Pipeline/Particles/SimpleLit' not found
Refreshing native plugins compatible for Editor in 0.89 ms, found 8 plugins.
Preloading 1 native plugins for Editor in 0.06 ms.
Unloading 3338 Unused Serialized files (Serialized files now loaded: 0)
System memory in use before: 160.6 MB.
System memory in use after: 160.9 MB.

Unloading 21 unused Assets to reduce memory usage. Loaded Objects now: 3968.
Total: 3.690900 ms (FindLiveObjects: 0.412200 ms CreateObjectMapping: 0.296000 ms MarkObjects: 2.958500 ms  DeleteObjects: 0.022900 ms)

========================================================================
Received Prepare
Registering precompiled user dll's ...
Registered in 0.421255 seconds.
Begin MonoManager ReloadAssembly
Native extension for WindowsStandalone target not found
Native extension for WebGL target not found
Refreshing native plugins compatible for Editor in 0.76 ms, found 8 plugins.
Preloading 1 native plugins for Editor in 0.07 ms.
Invoked RoslynAnalysisRunner static constructor.
RoslynAnalysisRunner will not be running.
RoslynAnalysisRunner has terminated.
NullReferenceException: Object reference not set to an instance of an object
  at Unity.XR.Oculus.OculusLoader.AssetPathToAbsolutePath (System.String assetPath) [0x00048] in D:\New folder\Inverse Kinematics\Library\PackageCache\com.unity.xr.oculus@1.8.1\Runtime\OculusLoader.cs:243 
  at Unity.XR.Oculus.OculusLoader.EditorLoadOVRPlugin () [0x0007b] in D:\New folder\Inverse Kinematics\Library\PackageCache\com.unity.xr.oculus@1.8.1\Runtime\OculusLoader.cs:228 

(Filename: Library/PackageCache/com.unity.xr.oculus@1.8.1/Runtime/OculusLoader.cs Line: 243)

Mono: successfully reloaded assembly
- Completed reload, in  1.178 seconds
Platform modules already initialized, skipping
Shader 'Universal Render Pipeline/Particles/Lit': fallback shader 'Universal Render Pipeline/Particles/SimpleLit' not found
Refreshing native plugins compatible for Editor in 0.74 ms, found 8 plugins.
Preloading 1 native plugins for Editor in 0.05 ms.
Unloading 3338 Unused Serialized files (Serialized files now loaded: 0)
System memory in use before: 160.6 MB.
System memory in use after: 160.9 MB.

Unloading 21 unused Assets to reduce memory usage. Loaded Objects now: 3971.
Total: 4.027600 ms (FindLiveObjects: 0.480100 ms CreateObjectMapping: 0.303700 ms MarkObjects: 3.216600 ms  DeleteObjects: 0.025900 ms)

========================================================================
Received Prepare
Registering precompiled user dll's ...
Registered in 0.006066 seconds.
Begin MonoManager ReloadAssembly
Native extension for WindowsStandalone target not found
Native extension for WebGL target not found
Refreshing native plugins compatible for Editor in 1.01 ms, found 8 plugins.
Preloading 1 native plugins for Editor in 0.07 ms.
Invoked RoslynAnalysisRunner static constructor.
RoslynAnalysisRunner will not be running.
RoslynAnalysisRunner has terminated.
NullReferenceException: Object reference not set to an instance of an object
  at Unity.XR.Oculus.OculusLoader.AssetPathToAbsolutePath (System.String assetPath) [0x00048] in D:\New folder\Inverse Kinematics\Library\PackageCache\com.unity.xr.oculus@1.8.1\Runtime\OculusLoader.cs:243 
  at Unity.XR.Oculus.OculusLoader.EditorLoadOVRPlugin () [0x0007b] in D:\New folder\Inverse Kinematics\Library\PackageCache\com.unity.xr.oculus@1.8.1\Runtime\OculusLoader.cs:228 

(Filename: Library/PackageCache/com.unity.xr.oculus@1.8.1/Runtime/OculusLoader.cs Line: 243)

Mono: successfully reloaded assembly
- Completed reload, in  1.250 seconds
Platform modules already initialized, skipping
Shader 'Universal Render Pipeline/Particles/Lit': fallback shader 'Universal Render Pipeline/Particles/SimpleLit' not found
Refreshing native plugins compatible for Editor in 0.81 ms, found 8 plugins.
Preloading 1 native plugins for Editor in 0.05 ms.
Unloading 3338 Unused Serialized files (Serialized files now loaded: 0)
System memory in use before: 160.7 MB.
System memory in use after: 160.9 MB.

Unloading 21 unused Assets to reduce memory usage. Loaded Objects now: 3974.
Total: 4.466200 ms (FindLiveObjects: 0.567300 ms CreateObjectMapping: 0.314400 ms MarkObjects: 3.557100 ms  DeleteObjects: 0.025700 ms)

========================================================================
Received Prepare
Registering precompiled user dll's ...
Registered in 0.004468 seconds.
Begin MonoManager ReloadAssembly
Native extension for WindowsStandalone target not found
Native extension for WebGL target not found
Refreshing native plugins compatible for Editor in 0.76 ms, found 8 plugins.
Preloading 1 native plugins for Editor in 0.07 ms.
Invoked RoslynAnalysisRunner static constructor.
RoslynAnalysisRunner will not be running.
RoslynAnalysisRunner has terminated.
NullReferenceException: Object reference not set to an instance of an object
  at Unity.XR.Oculus.OculusLoader.AssetPathToAbsolutePath (System.String assetPath) [0x00048] in D:\New folder\Inverse Kinematics\Library\PackageCache\com.unity.xr.oculus@1.8.1\Runtime\OculusLoader.cs:243 
  at Unity.XR.Oculus.OculusLoader.EditorLoadOVRPlugin () [0x0007b] in D:\New folder\Inverse Kinematics\Library\PackageCache\com.unity.xr.oculus@1.8.1\Runtime\OculusLoader.cs:228 

(Filename: Library/PackageCache/com.unity.xr.oculus@1.8.1/Runtime/OculusLoader.cs Line: 243)

Mono: successfully reloaded assembly
- Completed reload, in  1.145 seconds
Platform modules already initialized, skipping
Shader 'Universal Render Pipeline/Particles/Lit': fallback shader 'Universal Render Pipeline/Particles/SimpleLit' not found
Refreshing native plugins compatible for Editor in 0.77 ms, found 8 plugins.
Preloading 1 native plugins for Editor in 0.05 ms.
Unloading 3338 Unused Serialized files (Serialized files now loaded: 0)
System memory in use before: 160.7 MB.
System memory in use after: 160.9 MB.

Unloading 21 unused Assets to reduce memory usage. Loaded Objects now: 3977.
Total: 4.103600 ms (FindLiveObjects: 0.677800 ms CreateObjectMapping: 0.371900 ms MarkObjects: 3.009700 ms  DeleteObjects: 0.042400 ms)

AssetImportWorkerClient::OnTransportError - code=2 error=End of file
